
/tmp/tmp.MouBONqhQC/mp4-cp3.s.obj:     file format elf32-littleriscv


Disassembly of section .text:

00000100 <_start>:
 100:	00000417          	auipc	x8,0x0
 104:	60040413          	addi	x8,x8,1536 # 700 <ZERO>
 108:	00c08093          	addi	x1,x1,12
 10c:	00000013          	nop
 110:	00000013          	nop
 114:	00000013          	nop
 118:	ffb08093          	addi	x1,x1,-5
 11c:	00000013          	nop
 120:	00000013          	nop
 124:	00000013          	nop
 128:	00008093          	mv	x1,x1
 12c:	00000013          	nop
 130:	00000013          	nop
 134:	00000013          	nop
 138:	00000797          	auipc	x15,0x0
 13c:	6017a423          	sw	x1,1544(x15) # 740 <aacus>
 140:	00f47113          	andi	x2,x8,15
 144:	00000013          	nop
 148:	00000013          	nop
 14c:	00000013          	nop
 150:	00000797          	auipc	x15,0x0
 154:	5e27aa23          	sw	x2,1524(x15) # 744 <joiner>
 158:	00000013          	nop
 15c:	00000013          	nop
 160:	00000013          	nop
 164:	00000197          	auipc	x3,0x0
 168:	5ac1a183          	lw	x3,1452(x3) # 710 <DEEB>
 16c:	00000013          	nop
 170:	00000013          	nop
 174:	00000013          	nop
 178:	00000217          	auipc	x4,0x0
 17c:	59c22203          	lw	x4,1436(x4) # 714 <LEAF>
 180:	00000013          	nop
 184:	00000013          	nop
 188:	00000013          	nop
 18c:	00000297          	auipc	x5,0x0
 190:	58c2a283          	lw	x5,1420(x5) # 718 <D22D>
 194:	00000013          	nop
 198:	00000013          	nop
 19c:	00000013          	nop
 1a0:	00000317          	auipc	x6,0x0
 1a4:	57c32303          	lw	x6,1404(x6) # 71c <LIFE>
 1a8:	00000013          	nop
 1ac:	00000013          	nop
 1b0:	00000013          	nop
 1b4:	004181b3          	add	x3,x3,x4
 1b8:	00000013          	nop
 1bc:	00000013          	nop
 1c0:	00000013          	nop
 1c4:	003181b3          	add	x3,x3,x3
 1c8:	00000013          	nop
 1cc:	00000013          	nop
 1d0:	00000013          	nop
 1d4:	00000797          	auipc	x15,0x0
 1d8:	5637aa23          	sw	x3,1396(x15) # 748 <calcx>
 1dc:	0032f233          	and	x4,x5,x3
 1e0:	00000013          	nop
 1e4:	00000013          	nop
 1e8:	00000013          	nop
 1ec:	00000797          	auipc	x15,0x0
 1f0:	5447ac23          	sw	x4,1368(x15) # 744 <joiner>
 1f4:	fff2c293          	not	x5,x5
 1f8:	00000013          	nop
 1fc:	00000013          	nop
 200:	00000013          	nop
 204:	00000797          	auipc	x15,0x0
 208:	5457a623          	sw	x5,1356(x15) # 750 <duh>
 20c:	00000317          	auipc	x6,0x0
 210:	51432303          	lw	x6,1300(x6) # 720 <FOED>
 214:	00000013          	nop
 218:	00000013          	nop
 21c:	00000013          	nop
 220:	00000397          	auipc	x7,0x0
 224:	5003a383          	lw	x7,1280(x7) # 720 <FOED>
 228:	00000013          	nop
 22c:	00000013          	nop
 230:	00000013          	nop
 234:	00831313          	slli	x6,x6,0x8
 238:	00000013          	nop
 23c:	00000013          	nop
 240:	00000013          	nop
 244:	0033d393          	srli	x7,x7,0x3
 248:	00000013          	nop
 24c:	00000013          	nop
 250:	00000013          	nop
 254:	40635313          	srai	x6,x6,0x6
 258:	00000013          	nop
 25c:	00000013          	nop
 260:	00000013          	nop
 264:	00000797          	auipc	x15,0x0
 268:	4e67a423          	sw	x6,1256(x15) # 74c <fivespd>
 26c:	00000013          	nop
 270:	00000013          	nop
 274:	00000013          	nop
 278:	00000797          	auipc	x15,0x0
 27c:	4c77aa23          	sw	x7,1236(x15) # 74c <fivespd>
 280:	00000013          	nop
 284:	00000013          	nop
 288:	00000013          	nop
 28c:	00000097          	auipc	x1,0x0
 290:	4740a083          	lw	x1,1140(x1) # 700 <ZERO>
 294:	00000117          	auipc	x2,0x0
 298:	46c12103          	lw	x2,1132(x2) # 700 <ZERO>
 29c:	00000197          	auipc	x3,0x0
 2a0:	47c1a183          	lw	x3,1148(x3) # 718 <D22D>
 2a4:	00000217          	auipc	x4,0x0
 2a8:	47822203          	lw	x4,1144(x4) # 71c <LIFE>
 2ac:	00000297          	auipc	x5,0x0
 2b0:	4742a283          	lw	x5,1140(x5) # 720 <FOED>
 2b4:	00000317          	auipc	x6,0x0
 2b8:	45c32303          	lw	x6,1116(x6) # 710 <DEEB>
 2bc:	00000397          	auipc	x7,0x0
 2c0:	4583a383          	lw	x7,1112(x7) # 714 <LEAF>
 2c4:	00000097          	auipc	x1,0x0
 2c8:	4600a083          	lw	x1,1120(x1) # 724 <BOMB>
 2cc:	00000013          	nop
 2d0:	00000013          	nop
 2d4:	00000013          	nop
 2d8:	00000117          	auipc	x2,0x0
 2dc:	03810113          	addi	x2,x2,56 # 310 <HOWHIGH>
 2e0:	00000013          	nop
 2e4:	00000013          	nop
 2e8:	00000013          	nop
 2ec:	00010067          	jr	x2
 2f0:	00000013          	nop
 2f4:	00000013          	nop
 2f8:	00000013          	nop
 2fc:	00000097          	auipc	x1,0x0
 300:	42c0a083          	lw	x1,1068(x1) # 728 <GOOF>
 304:	00000013          	nop
 308:	00000013          	nop
 30c:	00000013          	nop

00000310 <HOWHIGH>:
 310:	00000797          	auipc	x15,0x0
 314:	4017ae23          	sw	x1,1052(x15) # 72c <dunk>
 318:	00000013          	nop
 31c:	00000013          	nop
 320:	00000013          	nop
 324:	00000117          	auipc	x2,0x0
 328:	3ec12103          	lw	x2,1004(x2) # 710 <DEEB>
 32c:	00000013          	nop
 330:	00000013          	nop
 334:	00000013          	nop
 338:	00000797          	auipc	x15,0x0
 33c:	4227a423          	sw	x2,1064(x15) # 760 <SPOT1>
 340:	00000197          	auipc	x3,0x0
 344:	3e01a183          	lw	x3,992(x3) # 720 <FOED>
 348:	00000217          	auipc	x4,0x0
 34c:	3cc22203          	lw	x4,972(x4) # 714 <LEAF>
 350:	00000013          	nop
 354:	00000013          	nop
 358:	00000013          	nop
 35c:	00000797          	auipc	x15,0x0
 360:	4037a423          	sw	x3,1032(x15) # 764 <SPOT2>
 364:	00000797          	auipc	x15,0x0
 368:	4047a223          	sw	x4,1028(x15) # 768 <SPOT3>
 36c:	00000297          	auipc	x5,0x0
 370:	3c82a283          	lw	x5,968(x5) # 734 <GOOD>
 374:	00000013          	nop
 378:	00000013          	nop
 37c:	00000013          	nop
 380:	00000797          	auipc	x15,0x0
 384:	3e57a623          	sw	x5,1004(x15) # 76c <SPOT4>
 388:	00000013          	nop
 38c:	00000013          	nop
 390:	00000013          	nop
 394:	00000297          	auipc	x5,0x0
 398:	3cc2a283          	lw	x5,972(x5) # 760 <SPOT1>
 39c:	00000217          	auipc	x4,0x0
 3a0:	3c822203          	lw	x4,968(x4) # 764 <SPOT2>
 3a4:	00000197          	auipc	x3,0x0
 3a8:	3c41a183          	lw	x3,964(x3) # 768 <SPOT3>
 3ac:	00000117          	auipc	x2,0x0
 3b0:	3c012103          	lw	x2,960(x2) # 76c <SPOT4>
 3b4:	00000797          	auipc	x15,0x0
 3b8:	3a57ac23          	sw	x5,952(x15) # 76c <SPOT4>
 3bc:	00000797          	auipc	x15,0x0
 3c0:	3a47a823          	sw	x4,944(x15) # 76c <SPOT4>
 3c4:	00000797          	auipc	x15,0x0
 3c8:	3a37a423          	sw	x3,936(x15) # 76c <SPOT4>
 3cc:	00000797          	auipc	x15,0x0
 3d0:	3a27a023          	sw	x2,928(x15) # 76c <SPOT4>
 3d4:	00000013          	nop
 3d8:	00000013          	nop
 3dc:	00000013          	nop
 3e0:	00310133          	add	x2,x2,x3
 3e4:	00000013          	nop
 3e8:	00000013          	nop
 3ec:	00000013          	nop
 3f0:	005201b3          	add	x3,x4,x5
 3f4:	00000013          	nop
 3f8:	00000013          	nop
 3fc:	00000013          	nop
 400:	00310133          	add	x2,x2,x3
 404:	00000013          	nop
 408:	00000013          	nop
 40c:	00000013          	nop
 410:	00140193          	addi	x3,x8,1
 414:	00000013          	nop
 418:	00000013          	nop
 41c:	00000013          	nop
 420:	00000817          	auipc	x16,0x0
 424:	2e480813          	addi	x16,x16,740 # 704 <ZOOP>
 428:	006800a3          	sb	x6,1(x16)
 42c:	00000217          	auipc	x4,0x0
 430:	2d822203          	lw	x4,728(x4) # 704 <ZOOP>
 434:	00000797          	auipc	x15,0x0
 438:	2c778a23          	sb	x7,724(x15) # 708 <BEAD>
 43c:	00000197          	auipc	x3,0x0
 440:	2cc1a183          	lw	x3,716(x3) # 708 <BEAD>
 444:	00000013          	nop
 448:	00000013          	nop
 44c:	00000013          	nop
 450:	00000797          	auipc	x15,0x0
 454:	3037a223          	sw	x3,772(x15) # 754 <chew>
 458:	00000797          	auipc	x15,0x0
 45c:	2e47ae23          	sw	x4,764(x15) # 754 <chew>
 460:	004181b3          	add	x3,x3,x4
 464:	00000217          	auipc	x4,0x0
 468:	29c22203          	lw	x4,668(x4) # 700 <ZERO>
 46c:	394003ef          	jal	x7,800 <MUDDLE>
 470:	00000797          	auipc	x15,0x0
 474:	3047a423          	sw	x4,776(x15) # 778 <MUDPIE>
 478:	00000297          	auipc	x5,0x0
 47c:	39c28293          	addi	x5,x5,924 # 814 <MUDDLER>
 480:	00000013          	nop
 484:	00000013          	nop
 488:	00000013          	nop
 48c:	000283e7          	jalr	x7,x5
 490:	00000797          	auipc	x15,0x0
 494:	2e57a423          	sw	x5,744(x15) # 778 <MUDPIE>
 498:	00140313          	addi	x6,x8,1
 49c:	00000013          	nop
 4a0:	00000013          	nop
 4a4:	00000013          	nop
 4a8:	00000897          	auipc	x17,0x0
 4ac:	29088893          	addi	x17,x17,656 # 738 <COOKIE>
 4b0:	00188303          	lb	x6,1(x17)
 4b4:	00000013          	nop
 4b8:	00000397          	auipc	x7,0x0
 4bc:	28038383          	lb	x7,640(x7) # 738 <COOKIE>
 4c0:	00000013          	nop
 4c4:	00000797          	auipc	x15,0x0
 4c8:	2867aa23          	sw	x6,660(x15) # 758 <crumb>
 4cc:	00000013          	nop
 4d0:	00000797          	auipc	x15,0x0
 4d4:	2877a423          	sw	x7,648(x15) # 758 <crumb>
 4d8:	00000013          	nop
 4dc:	00000013          	nop
 4e0:	00000013          	nop
 4e4:	00730333          	add	x6,x6,x7
 4e8:	338003ef          	jal	x7,820 <HOPE>
 4ec:	00000797          	auipc	x15,0x0
 4f0:	2267a023          	sw	x6,544(x15) # 70c <FUN>
 4f4:	00000097          	auipc	x1,0x0
 4f8:	20c0a083          	lw	x1,524(x1) # 700 <ZERO>
 4fc:	00000117          	auipc	x2,0x0
 500:	20412103          	lw	x2,516(x2) # 700 <ZERO>
 504:	00000197          	auipc	x3,0x0
 508:	1fc1a183          	lw	x3,508(x3) # 700 <ZERO>
 50c:	00000217          	auipc	x4,0x0
 510:	22822203          	lw	x4,552(x4) # 734 <GOOD>
 514:	00000297          	auipc	x5,0x0
 518:	2202a283          	lw	x5,544(x5) # 734 <GOOD>
 51c:	00000317          	auipc	x6,0x0
 520:	21832303          	lw	x6,536(x6) # 734 <GOOD>
 524:	00000097          	auipc	x1,0x0
 528:	2380a083          	lw	x1,568(x1) # 75c <GAME>
 52c:	00000013          	nop
 530:	00000013          	nop
 534:	00000013          	nop
 538:	00000797          	auipc	x15,0x0
 53c:	1e47ac23          	sw	x4,504(x15) # 730 <RESULT>
 540:	00000013          	nop
 544:	00000013          	nop
 548:	00000013          	nop
 54c:	00000117          	auipc	x2,0x0
 550:	1e412103          	lw	x2,484(x2) # 730 <RESULT>
 554:	00000797          	auipc	x15,0x0
 558:	1c17aa23          	sw	x1,468(x15) # 728 <GOOF>
 55c:	00000797          	auipc	x15,0x0
 560:	1c27a623          	sw	x2,460(x15) # 728 <GOOF>
 564:	00000013          	nop
 568:	0001f193          	andi	x3,x3,0
 56c:	00304c63          	bgtz	x3,584 <DOH>
 570:	0001ca63          	bltz	x3,584 <DOH>
 574:	00301863          	bne	x0,x3,584 <DOH>
 578:	00300863          	beq	x0,x3,588 <WOOHOO>
 57c:	00305463          	blez	x3,584 <DOH>
 580:	00000263          	beqz	x0,584 <DOH>

00000584 <DOH>:
 584:	00418193          	addi	x3,x3,4

00000588 <WOOHOO>:
 588:	00618193          	addi	x3,x3,6
 58c:	00027213          	andi	x4,x4,0
 590:	00300463          	beq	x0,x3,598 <SOFAR>
 594:	00118193          	addi	x3,x3,1

00000598 <SOFAR>:
 598:	00618193          	addi	x3,x3,6
 59c:	00027213          	andi	x4,x4,0
 5a0:	00401e63          	bne	x0,x4,5bc <DOH2>
 5a4:	00000013          	nop
 5a8:	00000013          	nop
 5ac:	00000013          	nop
 5b0:	00a20213          	addi	x4,x4,10 # a <_start-0xf6>
 5b4:	00000013          	nop
 5b8:	00404663          	bgtz	x4,5c4 <SOGOOD>

000005bc <DOH2>:
 5bc:	00618193          	addi	x3,x3,6
 5c0:	00000a63          	beqz	x0,5d4 <GetOverHere>

000005c4 <SOGOOD>:
 5c4:	00318193          	addi	x3,x3,3
 5c8:	00000013          	nop
 5cc:	00000013          	nop
 5d0:	00000013          	nop

000005d4 <GetOverHere>:
 5d4:	004181b3          	add	x3,x3,x4
 5d8:	00000013          	nop
 5dc:	00000013          	nop
 5e0:	00000013          	nop
 5e4:	00000797          	auipc	x15,0x0
 5e8:	1437a223          	sw	x3,324(x15) # 728 <GOOF>
 5ec:	00000797          	auipc	x15,0x0
 5f0:	1617aa23          	sw	x1,372(x15) # 760 <SPOT1>
 5f4:	00000797          	auipc	x15,0x0
 5f8:	1627a823          	sw	x2,368(x15) # 764 <SPOT2>
 5fc:	00000797          	auipc	x15,0x0
 600:	1637a623          	sw	x3,364(x15) # 768 <SPOT3>
 604:	00000097          	auipc	x1,0x0
 608:	25008093          	addi	x1,x1,592 # 854 <Beg1>

0000060c <END_m>:
 60c:	00008067          	ret
 610:	00000013          	nop
 614:	00000013          	nop
 618:	00000013          	nop
 61c:	00000013          	nop
 620:	00000013          	nop
 624:	00000013          	nop
 628:	00000013          	nop
 62c:	00000013          	nop
 630:	00000013          	nop
 634:	00000013          	nop
 638:	00000013          	nop
 63c:	00000013          	nop
 640:	00000013          	nop
 644:	00000013          	nop
 648:	00000013          	nop
 64c:	00000013          	nop
 650:	00000013          	nop
 654:	00000013          	nop
 658:	00000013          	nop
 65c:	00000013          	nop
 660:	00000013          	nop
 664:	00000013          	nop
 668:	00000013          	nop
 66c:	00000013          	nop
 670:	00000013          	nop
 674:	00000013          	nop
 678:	00000013          	nop
 67c:	00000013          	nop
 680:	00000013          	nop
 684:	00000013          	nop
 688:	00000013          	nop
 68c:	00000013          	nop
 690:	00000013          	nop
 694:	00000013          	nop
 698:	00000013          	nop
 69c:	00000013          	nop
 6a0:	00000013          	nop
 6a4:	00000013          	nop
 6a8:	00000013          	nop
 6ac:	00000013          	nop
 6b0:	00000013          	nop
 6b4:	00000013          	nop
 6b8:	00000013          	nop
 6bc:	00000013          	nop
 6c0:	00000013          	nop
 6c4:	00000013          	nop
 6c8:	00000013          	nop
 6cc:	00000013          	nop
 6d0:	00000013          	nop
 6d4:	00000013          	nop
 6d8:	00000013          	nop
 6dc:	00000013          	nop
 6e0:	00000013          	nop
 6e4:	00000013          	nop
 6e8:	00000013          	nop
 6ec:	00000013          	nop
 6f0:	00000013          	nop
 6f4:	00000013          	nop
 6f8:	00000013          	nop
 6fc:	00000013          	nop

00000700 <ZERO>:
 700:	0000                	unimp
	...

00000704 <ZOOP>:
 704:	0000700f          	0x700f

00000708 <BEAD>:
 708:	bead                	j	282 <_start+0x182>
 70a:	bead                	j	284 <_start+0x184>

0000070c <FUN>:
 70c:	0820                	addi	x8,x2,24
	...

00000710 <DEEB>:
 710:	deebdeeb          	0xdeebdeeb

00000714 <LEAF>:
 714:	00001eaf          	0x1eaf

00000718 <D22D>:
 718:	d22d                	beqz	x12,67a <END_m+0x6e>
 71a:	d22d                	beqz	x12,67c <END_m+0x70>

0000071c <LIFE>:
 71c:	0042                	c.slli	x0,0x10
	...

00000720 <FOED>:
 720:	f0ed                	bnez	x9,702 <ZERO+0x2>
 722:	f0ed                	bnez	x9,704 <ZOOP>

00000724 <BOMB>:
 724:	b006                	fsd	f1,32(x2)
 726:	b006                	fsd	f1,32(x2)

00000728 <GOOF>:
 728:	0000600f          	0x600f

0000072c <dunk>:
 72c:	dddd                	beqz	x11,6ea <END_m+0xde>
 72e:	dddd                	beqz	x11,6ec <END_m+0xe0>

00000730 <RESULT>:
 730:	0000                	unimp
	...

00000734 <GOOD>:
 734:	600d                	c.lui	x0,0x3
	...

00000738 <COOKIE>:
 738:	d0ca                	sw	x18,96(x2)
 73a:	d0ca                	sw	x18,96(x2)

0000073c <FOOB>:
 73c:	f00bf00b          	0xf00bf00b

00000740 <aacus>:
 740:	ffff                	0xffff
 742:	ffff                	0xffff

00000744 <joiner>:
 744:	1010                	addi	x12,x2,32
	...

00000748 <calcx>:
 748:	1234                	addi	x13,x2,296
	...

0000074c <fivespd>:
 74c:	8921                	andi	x10,x10,8
 74e:	8921                	andi	x10,x10,8

00000750 <duh>:
 750:	9999                	andi	x11,x11,-26
 752:	9999                	andi	x11,x11,-26

00000754 <chew>:
 754:	cccc                	sw	x11,28(x9)
 756:	cccc                	sw	x11,28(x9)

00000758 <crumb>:
 758:	6969                	lui	x18,0x1a
	...

0000075c <GAME>:
 75c:	ba11                	j	70 <_start-0x90>
 75e:	ba11                	j	72 <_start-0x8e>

00000760 <SPOT1>:
 760:	8888                	0x8888
 762:	8888                	0x8888

00000764 <SPOT2>:
 764:	abcd                	j	d56 <Continue1_2+0x6e>
 766:	abcd                	j	d58 <Continue1_2+0x70>

00000768 <SPOT3>:
 768:	0110                	addi	x12,x2,128
	...

0000076c <SPOT4>:
 76c:	abba                	fsd	f14,464(x2)
 76e:	abba                	fsd	f14,464(x2)

00000770 <TEST>:
 770:	075c                	addi	x15,x2,900
	...

00000774 <DONE>:
 774:	0730                	addi	x12,x2,904
	...

00000778 <MUDPIE>:
 778:	0000                	unimp
	...

0000077c <BLUNDER>:
 77c:	0854                	addi	x13,x2,20
 77e:	0000                	unimp
 780:	00000013          	nop
 784:	00000013          	nop
 788:	00000013          	nop
 78c:	00000013          	nop
 790:	00000013          	nop
 794:	00000013          	nop
 798:	00000013          	nop
 79c:	00000013          	nop
 7a0:	00000013          	nop
 7a4:	00000013          	nop
 7a8:	00000013          	nop
 7ac:	00000013          	nop
 7b0:	00000013          	nop
 7b4:	00000013          	nop
 7b8:	00000013          	nop
 7bc:	00000013          	nop
 7c0:	00000013          	nop
 7c4:	00000013          	nop
 7c8:	00000013          	nop
 7cc:	00000013          	nop
 7d0:	00000013          	nop
 7d4:	00000013          	nop
 7d8:	00000013          	nop
 7dc:	00000013          	nop
 7e0:	00000013          	nop
 7e4:	00000013          	nop
 7e8:	00000013          	nop
 7ec:	00000013          	nop
 7f0:	00000013          	nop
 7f4:	00000013          	nop
 7f8:	00000013          	nop
 7fc:	00000013          	nop

00000800 <MUDDLE>:
 800:	00000013          	nop
 804:	00000013          	nop
 808:	00000013          	nop
 80c:	00e20213          	addi	x4,x4,14 # e <_start-0xf2>
 810:	00038067          	jr	x7

00000814 <MUDDLER>:
 814:	00000297          	auipc	x5,0x0
 818:	f082a283          	lw	x5,-248(x5) # 71c <LIFE>
 81c:	00038067          	jr	x7

00000820 <HOPE>:
 820:	00000097          	auipc	x1,0x0
 824:	f140a083          	lw	x1,-236(x1) # 734 <GOOD>
 828:	00000117          	auipc	x2,0x0
 82c:	f0c12103          	lw	x2,-244(x2) # 734 <GOOD>
 830:	00000197          	auipc	x3,0x0
 834:	f041a183          	lw	x3,-252(x3) # 734 <GOOD>
 838:	00000217          	auipc	x4,0x0
 83c:	efc22203          	lw	x4,-260(x4) # 734 <GOOD>
 840:	00000297          	auipc	x5,0x0
 844:	ef42a283          	lw	x5,-268(x5) # 734 <GOOD>
 848:	00000317          	auipc	x6,0x0
 84c:	eec32303          	lw	x6,-276(x6) # 734 <GOOD>
 850:	00038067          	jr	x7

00000854 <Beg1>:
 854:	00000417          	auipc	x8,0x0
 858:	2ac40413          	addi	x8,x8,684 # b00 <BlackHole>
 85c:	0000f093          	andi	x1,x1,0
 860:	00017113          	andi	x2,x2,0
 864:	0001f193          	andi	x3,x3,0
 868:	00d18193          	addi	x3,x3,13
 86c:	00b10113          	addi	x2,x2,11
 870:	003100b3          	add	x1,x2,x3
 874:	00308213          	addi	x4,x1,3
 878:	00311113          	slli	x2,x2,0x3
 87c:	fff1c293          	not	x5,x3
 880:	00f17193          	andi	x3,x2,15
 884:	00000013          	nop
 888:	00000013          	nop
 88c:	003182b3          	add	x5,x3,x3
 890:	00520093          	addi	x1,x4,5 # 5 <_start-0xfb>
 894:	00a20093          	addi	x1,x4,10 # a <_start-0xf6>
 898:	00e20093          	addi	x1,x4,14 # e <_start-0xf2>
 89c:	fff0f113          	andi	x2,x1,-1
 8a0:	00000797          	auipc	x15,0x0
 8a4:	2627a023          	sw	x2,608(x15) # b00 <BlackHole>
 8a8:	00000797          	auipc	x15,0x0
 8ac:	2457ac23          	sw	x5,600(x15) # b00 <BlackHole>
 8b0:	00000517          	auipc	x10,0x0
 8b4:	25050513          	addi	x10,x10,592 # b00 <BlackHole>
 8b8:	00450513          	addi	x10,x10,4
 8bc:	00252023          	sw	x2,0(x10)
 8c0:	00000197          	auipc	x3,0x0
 8c4:	24c1a183          	lw	x3,588(x3) # b0c <Photostat>
 8c8:	00000197          	auipc	x3,0x0
 8cc:	2401a183          	lw	x3,576(x3) # b08 <LdThis>
 8d0:	00000797          	auipc	x15,0x0
 8d4:	2237ae23          	sw	x3,572(x15) # b0c <Photostat>
 8d8:	00000197          	auipc	x3,0x0
 8dc:	2381a183          	lw	x3,568(x3) # b10 <nosedive>
 8e0:	00b18213          	addi	x4,x3,11
 8e4:	00000197          	auipc	x3,0x0
 8e8:	2301a183          	lw	x3,560(x3) # b14 <tailspin>
 8ec:	00125213          	srli	x4,x4,0x1
 8f0:	00718293          	addi	x5,x3,7
 8f4:	00000097          	auipc	x1,0x0
 8f8:	2440a083          	lw	x1,580(x1) # b38 <quark>
 8fc:	00c28293          	addi	x5,x5,12
 900:	00c20093          	addi	x1,x4,12 # c <_start-0xf4>
 904:	00c18113          	addi	x2,x3,12
 908:	00000797          	auipc	x15,0x0
 90c:	2017aa23          	sw	x1,532(x15) # b1c <beancounter>
 910:	00000797          	auipc	x15,0x0
 914:	2027a623          	sw	x2,524(x15) # b1c <beancounter>
 918:	00000797          	auipc	x15,0x0
 91c:	2037a223          	sw	x3,516(x15) # b1c <beancounter>
 920:	00000797          	auipc	x15,0x0
 924:	1e47ae23          	sw	x4,508(x15) # b1c <beancounter>
 928:	00000797          	auipc	x15,0x0
 92c:	1e57aa23          	sw	x5,500(x15) # b1c <beancounter>
 930:	00008293          	mv	x5,x1
 934:	00018313          	mv	x6,x3
 938:	00020393          	mv	x7,x4
 93c:	0000f093          	andi	x1,x1,0
 940:	0001f193          	andi	x3,x3,0
 944:	00027213          	andi	x4,x4,0
 948:	00808093          	addi	x1,x1,8
 94c:	00218193          	addi	x3,x3,2
 950:	00220213          	addi	x4,x4,2 # 2 <_start-0xfe>
 954:	00404463          	bgtz	x4,95c <T1>
 958:	00118193          	addi	x3,x3,1

0000095c <T1>:
 95c:	00908093          	addi	x1,x1,9
 960:	0200ce63          	bltz	x1,99c <T2>
 964:	00120213          	addi	x4,x4,1 # 1 <_start-0xff>
 968:	00000117          	auipc	x2,0x0
 96c:	df812103          	lw	x2,-520(x2) # 760 <SPOT1>
 970:	00000317          	auipc	x6,0x0
 974:	df432303          	lw	x6,-524(x6) # 764 <SPOT2>
 978:	00000397          	auipc	x7,0x0
 97c:	df03a383          	lw	x7,-528(x7) # 768 <SPOT3>
 980:	00000417          	auipc	x8,0x0
 984:	18040413          	addi	x8,x8,384 # b00 <BlackHole>
 988:	0001f193          	andi	x3,x3,0
 98c:	00027213          	andi	x4,x4,0
 990:	00000013          	nop
 994:	00218193          	addi	x3,x3,2
 998:	00320213          	addi	x4,x4,3 # 3 <_start-0xfd>

0000099c <T2>:
 99c:	00000097          	auipc	x1,0x0
 9a0:	1840a083          	lw	x1,388(x1) # b20 <pessimist>
 9a4:	0000c463          	bltz	x1,9ac <T3>
 9a8:	00118193          	addi	x3,x3,1

000009ac <T3>:
 9ac:	00000097          	auipc	x1,0x0
 9b0:	1780a083          	lw	x1,376(x1) # b24 <optimist>
 9b4:	00100463          	beq	x0,x1,9bc <T4>
 9b8:	00120213          	addi	x4,x4,1 # 1 <_start-0xff>

000009bc <T4>:
 9bc:	00000097          	auipc	x1,0x0
 9c0:	1640a083          	lw	x1,356(x1) # b20 <pessimist>
 9c4:	00105463          	blez	x1,9cc <T5>
 9c8:	00118193          	addi	x3,x3,1

000009cc <T5>:
 9cc:	00000097          	auipc	x1,0x0
 9d0:	16c0a083          	lw	x1,364(x1) # b38 <quark>
 9d4:	00105463          	blez	x1,9dc <T6>
 9d8:	00120213          	addi	x4,x4,1 # 1 <_start-0xff>

000009dc <T6>:
 9dc:	00047093          	andi	x1,x8,0
 9e0:	00000097          	auipc	x1,0x0
 9e4:	12008093          	addi	x1,x1,288 # b00 <BlackHole>
 9e8:	00101463          	bne	x0,x1,9f0 <T7>
 9ec:	00118193          	addi	x3,x3,1

000009f0 <T7>:
 9f0:	00000797          	auipc	x15,0x0
 9f4:	1237ae23          	sw	x3,316(x15) # b2c <cc1>
 9f8:	00000797          	auipc	x15,0x0
 9fc:	1247ac23          	sw	x4,312(x15) # b30 <cc2>
 a00:	0000f093          	andi	x1,x1,0
 a04:	0002f293          	andi	x5,x5,0
 a08:	fff08093          	addi	x1,x1,-1
 a0c:	0000c663          	bltz	x1,a18 <T10>
 a10:	00128293          	addi	x5,x5,1
 a14:	ff908093          	addi	x1,x1,-7

00000a18 <T10>:
 a18:	005082b3          	add	x5,x1,x5
 a1c:	00000013          	nop
 a20:	00000013          	nop
 a24:	00000013          	nop
 a28:	00000797          	auipc	x15,0x0
 a2c:	1057a623          	sw	x5,268(x15) # b34 <acorn>
 a30:	00028413          	mv	x8,x5
 a34:	0002f293          	andi	x5,x5,0
 a38:	00000097          	auipc	x1,0x0
 a3c:	01008093          	addi	x1,x1,16 # a48 <GetHere>
 a40:	00008067          	ret
 a44:	00128293          	addi	x5,x5,1

00000a48 <GetHere>:
 a48:	005402b3          	add	x5,x8,x5
 a4c:	00000013          	nop
 a50:	00000013          	nop
 a54:	00000013          	nop
 a58:	00000097          	auipc	x1,0x0
 a5c:	cb40a083          	lw	x1,-844(x1) # 70c <FUN>
 a60:	00000417          	auipc	x8,0x0
 a64:	0a040413          	addi	x8,x8,160 # b00 <BlackHole>
 a68:	00000797          	auipc	x15,0x0
 a6c:	0857ac23          	sw	x5,152(x15) # b00 <BlackHole>
 a70:	18000863          	beqz	x0,c00 <MoneyMoney>
 a74:	00000013          	nop
 a78:	00000013          	nop
 a7c:	00000013          	nop
 a80:	00000013          	nop
 a84:	00000013          	nop
 a88:	00000013          	nop
 a8c:	00000013          	nop
 a90:	00000013          	nop
 a94:	00000013          	nop
 a98:	00000013          	nop
 a9c:	00000013          	nop
 aa0:	00000013          	nop
 aa4:	00000013          	nop
 aa8:	00000013          	nop
 aac:	00000013          	nop
 ab0:	00000013          	nop
 ab4:	00000013          	nop
 ab8:	00000013          	nop
 abc:	00000013          	nop
 ac0:	00000013          	nop
 ac4:	00000013          	nop
 ac8:	00000013          	nop
 acc:	00000013          	nop
 ad0:	00000013          	nop
 ad4:	00000013          	nop
 ad8:	00000013          	nop
 adc:	00000013          	nop
 ae0:	00000013          	nop
 ae4:	00000013          	nop
 ae8:	00000013          	nop
 aec:	00000013          	nop
 af0:	00000013          	nop
 af4:	00000013          	nop
 af8:	00000013          	nop
 afc:	00000013          	nop

00000b00 <BlackHole>:
 b00:	0000                	unimp
	...

00000b04 <WormHole>:
 b04:	0000                	unimp
	...

00000b08 <LdThis>:
 b08:	abda                	fsd	f22,464(x2)
 b0a:	abda                	fsd	f22,464(x2)

00000b0c <Photostat>:
 b0c:	0000                	unimp
	...

00000b10 <nosedive>:
 b10:	9a4d                	andi	x12,x12,-13
 b12:	9a4d                	andi	x12,x12,-13

00000b14 <tailspin>:
 b14:	3dac                	fld	f11,120(x11)
	...

00000b18 <compass>:
 b18:	0b38                	addi	x14,x2,408
	...

00000b1c <beancounter>:
 b1c:	fadd                	bnez	x13,ad2 <GetHere+0x8a>
 b1e:	fadd                	bnez	x13,ad4 <GetHere+0x8c>

00000b20 <pessimist>:
 b20:	fb03fb03          	0xfb03fb03

00000b24 <optimist>:
 b24:	0111                	addi	x2,x2,4
	...

00000b28 <gloomy>:
 b28:	0b20                	addi	x8,x2,408
	...

00000b2c <cc1>:
 b2c:	f00ff00f          	0xf00ff00f

00000b30 <cc2>:
 b30:	f00ff00f          	0xf00ff00f

00000b34 <acorn>:
 b34:	0fee                	slli	x31,x31,0x1b
	...

00000b38 <quark>:
 b38:	276c                	fld	f11,200(x14)
	...

00000b3c <payout>:
 b3c:	0c00                	addi	x8,x2,528
 b3e:	0000                	unimp
 b40:	00000013          	nop
 b44:	00000013          	nop
 b48:	00000013          	nop
 b4c:	00000013          	nop
 b50:	00000013          	nop
 b54:	00000013          	nop
 b58:	00000013          	nop
 b5c:	00000013          	nop
 b60:	00000013          	nop
 b64:	00000013          	nop
 b68:	00000013          	nop
 b6c:	00000013          	nop
 b70:	00000013          	nop
 b74:	00000013          	nop
 b78:	00000013          	nop
 b7c:	00000013          	nop
 b80:	00000013          	nop
 b84:	00000013          	nop
 b88:	00000013          	nop
 b8c:	00000013          	nop
 b90:	00000013          	nop
 b94:	00000013          	nop
 b98:	00000013          	nop
 b9c:	00000013          	nop
 ba0:	00000013          	nop
 ba4:	00000013          	nop
 ba8:	00000013          	nop
 bac:	00000013          	nop
 bb0:	00000013          	nop
 bb4:	00000013          	nop
 bb8:	00000013          	nop
 bbc:	00000013          	nop
 bc0:	00000013          	nop
 bc4:	00000013          	nop
 bc8:	00000013          	nop
 bcc:	00000013          	nop
 bd0:	00000013          	nop
 bd4:	00000013          	nop
 bd8:	00000013          	nop
 bdc:	00000013          	nop
 be0:	00000013          	nop
 be4:	00000013          	nop
 be8:	00000013          	nop
 bec:	00000013          	nop
 bf0:	00000013          	nop
 bf4:	00000013          	nop
 bf8:	00000013          	nop
 bfc:	00000013          	nop

00000c00 <MoneyMoney>:
 c00:	0003f393          	andi	x7,x7,0
 c04:	00037313          	andi	x6,x6,0
 c08:	0002f293          	andi	x5,x5,0
 c0c:	00027213          	andi	x4,x4,0
 c10:	0001f193          	andi	x3,x3,0
 c14:	00017113          	andi	x2,x2,0
 c18:	0000f093          	andi	x1,x1,0
 c1c:	00047413          	andi	x8,x8,0
 c20:	00000097          	auipc	x1,0x0
 c24:	41c08093          	addi	x1,x1,1052 # 103c <M00>
 c28:	00000117          	auipc	x2,0x0
 c2c:	40412103          	lw	x2,1028(x2) # 102c <Counter2>
 c30:	00000197          	auipc	x3,0x0
 c34:	3f01a183          	lw	x3,1008(x3) # 1020 <TWOFIVESIX>

00000c38 <FillM1>:
 c38:	0020a023          	sw	x2,0(x1)
 c3c:	ff910113          	addi	x2,x2,-7
 c40:	00408093          	addi	x1,x1,4
 c44:	fff18193          	addi	x3,x3,-1
 c48:	fe3048e3          	bgtz	x3,c38 <FillM1>
 c4c:	00000217          	auipc	x4,0x0
 c50:	3f020213          	addi	x4,x4,1008 # 103c <M00>
 c54:	00000117          	auipc	x2,0x0
 c58:	3cc12103          	lw	x2,972(x2) # 1020 <TWOFIVESIX>
 c5c:	00410233          	add	x4,x2,x4
 c60:	00000197          	auipc	x3,0x0
 c64:	3cc1a183          	lw	x3,972(x3) # 102c <Counter2>
 c68:	0000f093          	andi	x1,x1,0
 c6c:	00017113          	andi	x2,x2,0

00000c70 <FILLM2>:
 c70:	270003ef          	jal	x7,ee0 <CalAddress>
 c74:	00428333          	add	x6,x5,x4
 c78:	00332023          	sw	x3,0(x6)
 c7c:	ffe18193          	addi	x3,x3,-2
 c80:	1c4003ef          	jal	x7,e44 <CalNEXT2>
 c84:	00008293          	mv	x5,x1
 c88:	fe02d4e3          	bgez	x5,c70 <FILLM2>
 c8c:	00000217          	auipc	x4,0x0
 c90:	3b020213          	addi	x4,x4,944 # 103c <M00>
 c94:	00000117          	auipc	x2,0x0
 c98:	38c12103          	lw	x2,908(x2) # 1020 <TWOFIVESIX>
 c9c:	00410233          	add	x4,x2,x4
 ca0:	00410233          	add	x4,x2,x4
 ca4:	00000197          	auipc	x3,0x0
 ca8:	3881a183          	lw	x3,904(x3) # 102c <Counter2>
 cac:	0000f093          	andi	x1,x1,0
 cb0:	00017113          	andi	x2,x2,0

00000cb4 <FILLM3>:
 cb4:	22c003ef          	jal	x7,ee0 <CalAddress>
 cb8:	00428333          	add	x6,x5,x4
 cbc:	00332023          	sw	x3,0(x6)
 cc0:	ffb18193          	addi	x3,x3,-5
 cc4:	1b0003ef          	jal	x7,e74 <CalNEXT3>
 cc8:	00008293          	mv	x5,x1
 ccc:	fe02d4e3          	bgez	x5,cb4 <FILLM3>
 cd0:	00000197          	auipc	x3,0x0
 cd4:	36c18193          	addi	x3,x3,876 # 103c <M00>
 cd8:	00000217          	auipc	x4,0x0
 cdc:	34822203          	lw	x4,840(x4) # 1020 <TWOFIVESIX>
 ce0:	00418233          	add	x4,x3,x4
 ce4:	00037313          	andi	x6,x6,0

00000ce8 <Continue1_2>:
 ce8:	00000097          	auipc	x1,0x0
 cec:	3200a083          	lw	x1,800(x1) # 1008 <X2>
 cf0:	00000117          	auipc	x2,0x0
 cf4:	31c12103          	lw	x2,796(x2) # 100c <Y2>
 cf8:	1e8003ef          	jal	x7,ee0 <CalAddress>
 cfc:	004283b3          	add	x7,x5,x4
 d00:	0003a303          	lw	x6,0(x7)
 d04:	170003ef          	jal	x7,e74 <CalNEXT3>
 d08:	00000797          	auipc	x15,0x0
 d0c:	3017a023          	sw	x1,768(x15) # 1008 <X2>
 d10:	00000797          	auipc	x15,0x0
 d14:	2e27ae23          	sw	x2,764(x15) # 100c <Y2>
 d18:	00000097          	auipc	x1,0x0
 d1c:	2e80a083          	lw	x1,744(x1) # 1000 <XX1>
 d20:	00000117          	auipc	x2,0x0
 d24:	2e412103          	lw	x2,740(x2) # 1004 <Y1>
 d28:	1b8003ef          	jal	x7,ee0 <CalAddress>
 d2c:	003282b3          	add	x5,x5,x3
 d30:	0002a383          	lw	x7,0(x5)
 d34:	00730333          	add	x6,x6,x7
 d38:	0062a023          	sw	x6,0(x5)
 d3c:	108003ef          	jal	x7,e44 <CalNEXT2>
 d40:	00008393          	mv	x7,x1
 d44:	0003cc63          	bltz	x7,d5c <Done3>
 d48:	00000797          	auipc	x15,0x0
 d4c:	2a17ac23          	sw	x1,696(x15) # 1000 <XX1>
 d50:	00000797          	auipc	x15,0x0
 d54:	2a27aa23          	sw	x2,692(x15) # 1004 <Y1>
 d58:	f80008e3          	beqz	x0,ce8 <Continue1_2>

00000d5c <Done3>:
 d5c:	0000f093          	andi	x1,x1,0
 d60:	00000797          	auipc	x15,0x0
 d64:	2a17a023          	sw	x1,672(x15) # 1000 <XX1>
 d68:	00000797          	auipc	x15,0x0
 d6c:	2a17a023          	sw	x1,672(x15) # 1008 <X2>
 d70:	00000797          	auipc	x15,0x0
 d74:	2817aa23          	sw	x1,660(x15) # 1004 <Y1>
 d78:	00000797          	auipc	x15,0x0
 d7c:	2817aa23          	sw	x1,660(x15) # 100c <Y2>
 d80:	00000197          	auipc	x3,0x0
 d84:	2bc18193          	addi	x3,x3,700 # 103c <M00>
 d88:	00000217          	auipc	x4,0x0
 d8c:	29822203          	lw	x4,664(x4) # 1020 <TWOFIVESIX>
 d90:	00420233          	add	x4,x4,x4
 d94:	00418233          	add	x4,x3,x4
 d98:	00037313          	andi	x6,x6,0

00000d9c <Continue1_3>:
 d9c:	00000097          	auipc	x1,0x0
 da0:	26c0a083          	lw	x1,620(x1) # 1008 <X2>
 da4:	00000117          	auipc	x2,0x0
 da8:	26812103          	lw	x2,616(x2) # 100c <Y2>
 dac:	134003ef          	jal	x7,ee0 <CalAddress>
 db0:	003283b3          	add	x7,x5,x3
 db4:	0003a303          	lw	x6,0(x7)
 db8:	05c003ef          	jal	x7,e14 <CalNEXT1>
 dbc:	00000797          	auipc	x15,0x0
 dc0:	2417a623          	sw	x1,588(x15) # 1008 <X2>
 dc4:	00000797          	auipc	x15,0x0
 dc8:	2427a423          	sw	x2,584(x15) # 100c <Y2>
 dcc:	00000097          	auipc	x1,0x0
 dd0:	2340a083          	lw	x1,564(x1) # 1000 <XX1>
 dd4:	00000117          	auipc	x2,0x0
 dd8:	23012103          	lw	x2,560(x2) # 1004 <Y1>
 ddc:	104003ef          	jal	x7,ee0 <CalAddress>
 de0:	004282b3          	add	x5,x5,x4
 de4:	0002a383          	lw	x7,0(x5)
 de8:	00730333          	add	x6,x6,x7
 dec:	0062a023          	sw	x6,0(x5)
 df0:	084003ef          	jal	x7,e74 <CalNEXT3>
 df4:	00008393          	mv	x7,x1
 df8:	0003cc63          	bltz	x7,e10 <Done4>
 dfc:	00000797          	auipc	x15,0x0
 e00:	2017a223          	sw	x1,516(x15) # 1000 <XX1>
 e04:	00000797          	auipc	x15,0x0
 e08:	2027a023          	sw	x2,512(x15) # 1004 <Y1>
 e0c:	f80008e3          	beqz	x0,d9c <Continue1_3>

00000e10 <Done4>:
 e10:	0e000063          	beqz	x0,ef0 <CHECKSUM>

00000e14 <CalNEXT1>:
 e14:	ff108293          	addi	x5,x1,-15
 e18:	00500663          	beq	x0,x5,e24 <YTEST>
 e1c:	00108093          	addi	x1,x1,1
 e20:	02000063          	beqz	x0,e40 <SKip>

00000e24 <YTEST>:
 e24:	ff110293          	addi	x5,x2,-15
 e28:	00500863          	beq	x0,x5,e38 <DoneFor>
 e2c:	00110113          	addi	x2,x2,1
 e30:	0000f093          	andi	x1,x1,0
 e34:	00000663          	beqz	x0,e40 <SKip>

00000e38 <DoneFor>:
 e38:	0000f093          	andi	x1,x1,0
 e3c:	fff08093          	addi	x1,x1,-1

00000e40 <SKip>:
 e40:	00038067          	jr	x7

00000e44 <CalNEXT2>:
 e44:	ff110293          	addi	x5,x2,-15
 e48:	00500663          	beq	x0,x5,e54 <XTEST>
 e4c:	00110113          	addi	x2,x2,1
 e50:	02000063          	beqz	x0,e70 <SKip1>

00000e54 <XTEST>:
 e54:	ff108293          	addi	x5,x1,-15
 e58:	00500863          	beq	x0,x5,e68 <Done1>
 e5c:	00108093          	addi	x1,x1,1
 e60:	00017113          	andi	x2,x2,0
 e64:	00000663          	beqz	x0,e70 <SKip1>

00000e68 <Done1>:
 e68:	0000f093          	andi	x1,x1,0
 e6c:	fff08093          	addi	x1,x1,-1

00000e70 <SKip1>:
 e70:	00038067          	jr	x7

00000e74 <CalNEXT3>:
 e74:	00000797          	auipc	x15,0x0
 e78:	1a37a223          	sw	x3,420(x15) # 1018 <TEMP3>
 e7c:	ff108193          	addi	x3,x1,-15
 e80:	02300a63          	beq	x0,x3,eb4 <DRow>
 e84:	00010193          	mv	x3,x2
 e88:	02300063          	beq	x0,x3,ea8 <DRow1>
 e8c:	00000197          	auipc	x3,0x0
 e90:	1a81a183          	lw	x3,424(x3) # 1034 <NEGONEFIVE>
 e94:	ff108193          	addi	x3,x1,-15
 e98:	00300e63          	beq	x0,x3,eb4 <DRow>
 e9c:	00108093          	addi	x1,x1,1
 ea0:	fff10113          	addi	x2,x2,-1
 ea4:	02000863          	beqz	x0,ed4 <SKIP2>

00000ea8 <DRow1>:
 ea8:	00108113          	addi	x2,x1,1
 eac:	0000f093          	andi	x1,x1,0
 eb0:	02000263          	beqz	x0,ed4 <SKIP2>

00000eb4 <DRow>:
 eb4:	ff110193          	addi	x3,x2,-15
 eb8:	00300a63          	beq	x0,x3,ecc <Done2>
 ebc:	00110093          	addi	x1,x2,1
 ec0:	00017113          	andi	x2,x2,0
 ec4:	00f10113          	addi	x2,x2,15
 ec8:	00000663          	beqz	x0,ed4 <SKIP2>

00000ecc <Done2>:
 ecc:	0000f093          	andi	x1,x1,0
 ed0:	fff08093          	addi	x1,x1,-1

00000ed4 <SKIP2>:
 ed4:	00000197          	auipc	x3,0x0
 ed8:	1441a183          	lw	x3,324(x3) # 1018 <TEMP3>
 edc:	00038067          	jr	x7

00000ee0 <CalAddress>:
 ee0:	00511293          	slli	x5,x2,0x5
 ee4:	005082b3          	add	x5,x1,x5
 ee8:	00229293          	slli	x5,x5,0x2
 eec:	00038067          	jr	x7

00000ef0 <CHECKSUM>:
 ef0:	00000097          	auipc	x1,0x0
 ef4:	14c08093          	addi	x1,x1,332 # 103c <M00>
 ef8:	00000217          	auipc	x4,0x0
 efc:	12822203          	lw	x4,296(x4) # 1020 <TWOFIVESIX>
 f00:	00420233          	add	x4,x4,x4
 f04:	001200b3          	add	x1,x4,x1
 f08:	0003f393          	andi	x7,x7,0
 f0c:	00037313          	andi	x6,x6,0
 f10:	0002f293          	andi	x5,x5,0
 f14:	00027213          	andi	x4,x4,0
 f18:	00000117          	auipc	x2,0x0
 f1c:	11812103          	lw	x2,280(x2) # 1030 <ONEFOURTHREE>

00000f20 <LoopRowsA>:
 f20:	0000a183          	lw	x3,0(x1)
 f24:	00418233          	add	x4,x3,x4
 f28:	00408093          	addi	x1,x1,4
 f2c:	fff10113          	addi	x2,x2,-1
 f30:	fe0158e3          	bgez	x2,f20 <LoopRowsA>
 f34:	00221213          	slli	x4,x4,0x2
 f38:	00000117          	auipc	x2,0x0
 f3c:	0f812103          	lw	x2,248(x2) # 1030 <ONEFOURTHREE>

00000f40 <LoopRowsB>:
 f40:	0000a183          	lw	x3,0(x1)
 f44:	005182b3          	add	x5,x3,x5
 f48:	00408093          	addi	x1,x1,4
 f4c:	fff10113          	addi	x2,x2,-1
 f50:	fe0158e3          	bgez	x2,f40 <LoopRowsB>
 f54:	00229293          	slli	x5,x5,0x2
 f58:	00000117          	auipc	x2,0x0
 f5c:	0d812103          	lw	x2,216(x2) # 1030 <ONEFOURTHREE>

00000f60 <LoopRowsC>:
 f60:	0000a183          	lw	x3,0(x1)
 f64:	00618333          	add	x6,x3,x6
 f68:	00408093          	addi	x1,x1,4
 f6c:	fff10113          	addi	x2,x2,-1
 f70:	fe0158e3          	bgez	x2,f60 <LoopRowsC>
 f74:	00231313          	slli	x6,x6,0x2
 f78:	00000117          	auipc	x2,0x0
 f7c:	0b812103          	lw	x2,184(x2) # 1030 <ONEFOURTHREE>

00000f80 <LoopRowsD>:
 f80:	0000a183          	lw	x3,0(x1)
 f84:	007183b3          	add	x7,x3,x7
 f88:	00408093          	addi	x1,x1,4
 f8c:	fff10113          	addi	x2,x2,-1
 f90:	fe0158e3          	bgez	x2,f80 <LoopRowsD>
 f94:	0071f1b3          	and	x3,x3,x7
 f98:	fff3c393          	not	x7,x7

00000f9c <HALT>:
 f9c:	00000063          	beqz	x0,f9c <HALT>
	...

Disassembly of section .rodata:

00001000 <XX1>:
    1000:	0000                	unimp
	...

00001004 <Y1>:
    1004:	0000                	unimp
	...

00001008 <X2>:
    1008:	0000                	unimp
	...

0000100c <Y2>:
    100c:	0000                	unimp
	...

00001010 <TEMP1>:
    1010:	0000                	unimp
	...

00001014 <TEMP2>:
    1014:	0000                	unimp
	...

00001018 <TEMP3>:
    1018:	0000                	unimp
	...

0000101c <TEMP4>:
    101c:	0000                	unimp
	...

00001020 <TWOFIVESIX>:
    1020:	0100                	addi	x8,x2,128
	...

00001024 <UpperMemStart>:
    1024:	f000                	fsw	f8,32(x8)
    1026:	f000                	fsw	f8,32(x8)

00001028 <Counter1>:
    1028:	0fff                	0xfff
	...

0000102c <Counter2>:
    102c:	00004a3f  	0x3f00004a3f

00001030 <ONEFOURTHREE>:
    1030:	0000003f  	0xfffffff10000003f

00001034 <NEGONEFIVE>:
    1034:	fff1                	bnez	x15,1010 <TEMP1>
    1036:	ffff                	0xffff

00001038 <Mask>:
    1038:	00ff                	0xff
	...

0000103c <M00>:
    103c:	0000                	unimp
	...

00001040 <M01>:
    1040:	0000                	unimp
	...

00001044 <M02>:
    1044:	0000                	unimp
	...

00001048 <M03>:
    1048:	0000                	unimp
	...

0000104c <M04>:
    104c:	0000                	unimp
	...

00001050 <M05>:
    1050:	0000                	unimp
	...

00001054 <M06>:
    1054:	0000                	unimp
	...

00001058 <M07>:
    1058:	0000                	unimp
	...

0000105c <M08>:
    105c:	0000                	unimp
	...

00001060 <M09>:
    1060:	0000                	unimp
	...

00001064 <M0A>:
    1064:	0000                	unimp
	...

00001068 <M0B>:
    1068:	0000                	unimp
	...

0000106c <M0C>:
    106c:	0000                	unimp
	...

00001070 <M0D>:
    1070:	0000                	unimp
	...

00001074 <M0E>:
    1074:	0000                	unimp
	...

00001078 <M0F>:
    1078:	0000                	unimp
	...

0000107c <M10>:
    107c:	0000                	unimp
	...

00001080 <M11>:
    1080:	0000                	unimp
	...

00001084 <M12>:
    1084:	0000                	unimp
	...

00001088 <M13>:
    1088:	0000                	unimp
	...

0000108c <M14>:
    108c:	0000                	unimp
	...

00001090 <M15>:
    1090:	0000                	unimp
	...

00001094 <M16>:
    1094:	0000                	unimp
	...

00001098 <M17>:
    1098:	0000                	unimp
	...

0000109c <M18>:
    109c:	0000                	unimp
	...

000010a0 <M19>:
    10a0:	0000                	unimp
	...

000010a4 <M1A>:
    10a4:	0000                	unimp
	...

000010a8 <M1B>:
    10a8:	0000                	unimp
	...

000010ac <M1C>:
    10ac:	0000                	unimp
	...

000010b0 <M1D>:
    10b0:	0000                	unimp
	...

000010b4 <M1E>:
    10b4:	0000                	unimp
	...

000010b8 <M1F>:
    10b8:	0000                	unimp
	...

000010bc <M20>:
    10bc:	0000                	unimp
	...

000010c0 <M21>:
    10c0:	0000                	unimp
	...

000010c4 <M22>:
    10c4:	0000                	unimp
	...

000010c8 <M23>:
    10c8:	0000                	unimp
	...

000010cc <M24>:
    10cc:	0000                	unimp
	...

000010d0 <M25>:
    10d0:	0000                	unimp
	...

000010d4 <M26>:
    10d4:	0000                	unimp
	...

000010d8 <M27>:
    10d8:	0000                	unimp
	...

000010dc <M28>:
    10dc:	0000                	unimp
	...

000010e0 <M29>:
    10e0:	0000                	unimp
	...

000010e4 <M2A>:
    10e4:	0000                	unimp
	...

000010e8 <M2B>:
    10e8:	0000                	unimp
	...

000010ec <M2C>:
    10ec:	0000                	unimp
	...

000010f0 <M2D>:
    10f0:	0000                	unimp
	...

000010f4 <M2E>:
    10f4:	0000                	unimp
	...

000010f8 <M2F>:
    10f8:	0000                	unimp
	...

000010fc <M30>:
    10fc:	0000                	unimp
	...

00001100 <M31>:
    1100:	0000                	unimp
	...

00001104 <M32>:
    1104:	0000                	unimp
	...

00001108 <M33>:
    1108:	0000                	unimp
	...

0000110c <M34>:
    110c:	0000                	unimp
	...

00001110 <M35>:
    1110:	0000                	unimp
	...

00001114 <M36>:
    1114:	0000                	unimp
	...

00001118 <M37>:
    1118:	0000                	unimp
	...

0000111c <M38>:
    111c:	0000                	unimp
	...

00001120 <M39>:
    1120:	0000                	unimp
	...

00001124 <M3A>:
    1124:	0000                	unimp
	...

00001128 <M3B>:
    1128:	0000                	unimp
	...

0000112c <M3C>:
    112c:	0000                	unimp
	...

00001130 <M3D>:
    1130:	0000                	unimp
	...

00001134 <M3E>:
    1134:	0000                	unimp
	...

00001138 <M3F>:
    1138:	0000                	unimp
	...

0000113c <M40>:
    113c:	0000                	unimp
	...

00001140 <M41>:
    1140:	0000                	unimp
	...

00001144 <M42>:
    1144:	0000                	unimp
	...

00001148 <M43>:
    1148:	0000                	unimp
	...

0000114c <M44>:
    114c:	0000                	unimp
	...

00001150 <M45>:
    1150:	0000                	unimp
	...

00001154 <M46>:
    1154:	0000                	unimp
	...

00001158 <M47>:
    1158:	0000                	unimp
	...

0000115c <M48>:
    115c:	0000                	unimp
	...

00001160 <M49>:
    1160:	0000                	unimp
	...

00001164 <M4A>:
    1164:	0000                	unimp
	...

00001168 <M4B>:
    1168:	0000                	unimp
	...

0000116c <M4C>:
    116c:	0000                	unimp
	...

00001170 <M4D>:
    1170:	0000                	unimp
	...

00001174 <M4E>:
    1174:	0000                	unimp
	...

00001178 <M4F>:
    1178:	0000                	unimp
	...

0000117c <M50>:
    117c:	0000                	unimp
	...

00001180 <M51>:
    1180:	0000                	unimp
	...

00001184 <M52>:
    1184:	0000                	unimp
	...

00001188 <M53>:
    1188:	0000                	unimp
	...

0000118c <M54>:
    118c:	0000                	unimp
	...

00001190 <M55>:
    1190:	0000                	unimp
	...

00001194 <M56>:
    1194:	0000                	unimp
	...

00001198 <M57>:
    1198:	0000                	unimp
	...

0000119c <M58>:
    119c:	0000                	unimp
	...

000011a0 <M59>:
    11a0:	0000                	unimp
	...

000011a4 <M5A>:
    11a4:	0000                	unimp
	...

000011a8 <M5B>:
    11a8:	0000                	unimp
	...

000011ac <M5C>:
    11ac:	0000                	unimp
	...

000011b0 <M5D>:
    11b0:	0000                	unimp
	...

000011b4 <M5E>:
    11b4:	0000                	unimp
	...

000011b8 <M5F>:
    11b8:	0000                	unimp
	...

000011bc <M60>:
    11bc:	0000                	unimp
	...

000011c0 <M61>:
    11c0:	0000                	unimp
	...

000011c4 <M62>:
    11c4:	0000                	unimp
	...

000011c8 <M63>:
    11c8:	0000                	unimp
	...

000011cc <M64>:
    11cc:	0000                	unimp
	...

000011d0 <M65>:
    11d0:	0000                	unimp
	...

000011d4 <M66>:
    11d4:	0000                	unimp
	...

000011d8 <M67>:
    11d8:	0000                	unimp
	...

000011dc <M68>:
    11dc:	0000                	unimp
	...

000011e0 <M69>:
    11e0:	0000                	unimp
	...

000011e4 <M6A>:
    11e4:	0000                	unimp
	...

000011e8 <M6B>:
    11e8:	0000                	unimp
	...

000011ec <M6C>:
    11ec:	0000                	unimp
	...

000011f0 <M6D>:
    11f0:	0000                	unimp
	...

000011f4 <M6E>:
    11f4:	0000                	unimp
	...

000011f8 <M6F>:
    11f8:	0000                	unimp
	...

000011fc <M70>:
    11fc:	0000                	unimp
	...

00001200 <M71>:
    1200:	0000                	unimp
	...

00001204 <M72>:
    1204:	0000                	unimp
	...

00001208 <M73>:
    1208:	0000                	unimp
	...

0000120c <M74>:
    120c:	0000                	unimp
	...

00001210 <M75>:
    1210:	0000                	unimp
	...

00001214 <M76>:
    1214:	0000                	unimp
	...

00001218 <M77>:
    1218:	0000                	unimp
	...

0000121c <M78>:
    121c:	0000                	unimp
	...

00001220 <M79>:
    1220:	0000                	unimp
	...

00001224 <M7A>:
    1224:	0000                	unimp
	...

00001228 <M7B>:
    1228:	0000                	unimp
	...

0000122c <M7C>:
    122c:	0000                	unimp
	...

00001230 <M7D>:
    1230:	0000                	unimp
	...

00001234 <M7E>:
    1234:	0000                	unimp
	...

00001238 <M7F>:
    1238:	0000                	unimp
	...

0000123c <M80>:
    123c:	0000                	unimp
	...

00001240 <M81>:
    1240:	0000                	unimp
	...

00001244 <M82>:
    1244:	0000                	unimp
	...

00001248 <M83>:
    1248:	0000                	unimp
	...

0000124c <M84>:
    124c:	0000                	unimp
	...

00001250 <M85>:
    1250:	0000                	unimp
	...

00001254 <M86>:
    1254:	0000                	unimp
	...

00001258 <M87>:
    1258:	0000                	unimp
	...

0000125c <M88>:
    125c:	0000                	unimp
	...

00001260 <M89>:
    1260:	0000                	unimp
	...

00001264 <M8A>:
    1264:	0000                	unimp
	...

00001268 <M8B>:
    1268:	0000                	unimp
	...

0000126c <M8C>:
    126c:	0000                	unimp
	...

00001270 <M8D>:
    1270:	0000                	unimp
	...

00001274 <M8E>:
    1274:	0000                	unimp
	...

00001278 <M8F>:
    1278:	0000                	unimp
	...

0000127c <M90>:
    127c:	0000                	unimp
	...

00001280 <M91>:
    1280:	0000                	unimp
	...

00001284 <M92>:
    1284:	0000                	unimp
	...

00001288 <M93>:
    1288:	0000                	unimp
	...

0000128c <M94>:
    128c:	0000                	unimp
	...

00001290 <M95>:
    1290:	0000                	unimp
	...

00001294 <M96>:
    1294:	0000                	unimp
	...

00001298 <M97>:
    1298:	0000                	unimp
	...

0000129c <M98>:
    129c:	0000                	unimp
	...

000012a0 <M99>:
    12a0:	0000                	unimp
	...

000012a4 <M9A>:
    12a4:	0000                	unimp
	...

000012a8 <M9B>:
    12a8:	0000                	unimp
	...

000012ac <M9C>:
    12ac:	0000                	unimp
	...

000012b0 <M9D>:
    12b0:	0000                	unimp
	...

000012b4 <M9E>:
    12b4:	0000                	unimp
	...

000012b8 <M9F>:
    12b8:	0000                	unimp
	...

000012bc <MA0>:
    12bc:	0000                	unimp
	...

000012c0 <MA1>:
    12c0:	0000                	unimp
	...

000012c4 <MA2>:
    12c4:	0000                	unimp
	...

000012c8 <MA3>:
    12c8:	0000                	unimp
	...

000012cc <MA4>:
    12cc:	0000                	unimp
	...

000012d0 <MA5>:
    12d0:	0000                	unimp
	...

000012d4 <MA6>:
    12d4:	0000                	unimp
	...

000012d8 <MA7>:
    12d8:	0000                	unimp
	...

000012dc <MA8>:
    12dc:	0000                	unimp
	...

000012e0 <MA9>:
    12e0:	0000                	unimp
	...

000012e4 <MAA>:
    12e4:	0000                	unimp
	...

000012e8 <MAB>:
    12e8:	0000                	unimp
	...

000012ec <MAC>:
    12ec:	0000                	unimp
	...

000012f0 <MAD>:
    12f0:	0000                	unimp
	...

000012f4 <MAE>:
    12f4:	0000                	unimp
	...

000012f8 <MAF>:
    12f8:	0000                	unimp
	...

000012fc <MB0>:
    12fc:	0000                	unimp
	...

00001300 <MB1>:
    1300:	0000                	unimp
	...

00001304 <MB2>:
    1304:	0000                	unimp
	...

00001308 <MB3>:
    1308:	0000                	unimp
	...

0000130c <MB4>:
    130c:	0000                	unimp
	...

00001310 <MB5>:
    1310:	0000                	unimp
	...

00001314 <MB6>:
    1314:	0000                	unimp
	...

00001318 <MB7>:
    1318:	0000                	unimp
	...

0000131c <MB8>:
    131c:	0000                	unimp
	...

00001320 <MB9>:
    1320:	0000                	unimp
	...

00001324 <MBA>:
    1324:	0000                	unimp
	...

00001328 <MBB>:
    1328:	0000                	unimp
	...

0000132c <MBC>:
    132c:	0000                	unimp
	...

00001330 <MBD>:
    1330:	0000                	unimp
	...

00001334 <MBE>:
    1334:	0000                	unimp
	...

00001338 <MBF>:
    1338:	0000                	unimp
	...

0000133c <MC0>:
    133c:	0000                	unimp
	...

00001340 <MC1>:
    1340:	0000                	unimp
	...

00001344 <MC2>:
    1344:	0000                	unimp
	...

00001348 <MC3>:
    1348:	0000                	unimp
	...

0000134c <MC4>:
    134c:	0000                	unimp
	...

00001350 <MC5>:
    1350:	0000                	unimp
	...

00001354 <MC6>:
    1354:	0000                	unimp
	...

00001358 <MC7>:
    1358:	0000                	unimp
	...

0000135c <MC8>:
    135c:	0000                	unimp
	...

00001360 <MC9>:
    1360:	0000                	unimp
	...

00001364 <MCA>:
    1364:	0000                	unimp
	...

00001368 <MCB>:
    1368:	0000                	unimp
	...

0000136c <MCC>:
    136c:	0000                	unimp
	...

00001370 <MCD>:
    1370:	0000                	unimp
	...

00001374 <MCE>:
    1374:	0000                	unimp
	...

00001378 <MCF>:
    1378:	0000                	unimp
	...

0000137c <MD0>:
    137c:	0000                	unimp
	...

00001380 <MD1>:
    1380:	0000                	unimp
	...

00001384 <MD2>:
    1384:	0000                	unimp
	...

00001388 <MD3>:
    1388:	0000                	unimp
	...

0000138c <MD4>:
    138c:	0000                	unimp
	...

00001390 <MD5>:
    1390:	0000                	unimp
	...

00001394 <MD6>:
    1394:	0000                	unimp
	...

00001398 <MD7>:
    1398:	0000                	unimp
	...

0000139c <MD8>:
    139c:	0000                	unimp
	...

000013a0 <MD9>:
    13a0:	0000                	unimp
	...

000013a4 <MDA>:
    13a4:	0000                	unimp
	...

000013a8 <MDB>:
    13a8:	0000                	unimp
	...

000013ac <MDC>:
    13ac:	0000                	unimp
	...

000013b0 <MDD>:
    13b0:	0000                	unimp
	...

000013b4 <MDE>:
    13b4:	0000                	unimp
	...

000013b8 <MDF>:
    13b8:	0000                	unimp
	...

000013bc <ME0>:
    13bc:	0000                	unimp
	...

000013c0 <ME1>:
    13c0:	0000                	unimp
	...

000013c4 <ME2>:
    13c4:	0000                	unimp
	...

000013c8 <ME3>:
    13c8:	0000                	unimp
	...

000013cc <ME4>:
    13cc:	0000                	unimp
	...

000013d0 <ME5>:
    13d0:	0000                	unimp
	...

000013d4 <ME6>:
    13d4:	0000                	unimp
	...

000013d8 <ME7>:
    13d8:	0000                	unimp
	...

000013dc <ME8>:
    13dc:	0000                	unimp
	...

000013e0 <ME9>:
    13e0:	0000                	unimp
	...

000013e4 <MEA>:
    13e4:	0000                	unimp
	...

000013e8 <MEB>:
    13e8:	0000                	unimp
	...

000013ec <MEC>:
    13ec:	0000                	unimp
	...

000013f0 <MED>:
    13f0:	0000                	unimp
	...

000013f4 <MEE>:
    13f4:	0000                	unimp
	...

000013f8 <MEF>:
    13f8:	0000                	unimp
	...

000013fc <MF0>:
    13fc:	0000                	unimp
	...

00001400 <MF1>:
    1400:	0000                	unimp
	...

00001404 <MF2>:
    1404:	0000                	unimp
	...

00001408 <MF3>:
    1408:	0000                	unimp
	...

0000140c <MF4>:
    140c:	0000                	unimp
	...

00001410 <MF5>:
    1410:	0000                	unimp
	...

00001414 <MF6>:
    1414:	0000                	unimp
	...

00001418 <MF7>:
    1418:	0000                	unimp
	...

0000141c <MF8>:
    141c:	0000                	unimp
	...

00001420 <MF9>:
    1420:	0000                	unimp
	...

00001424 <MFA>:
    1424:	0000                	unimp
	...

00001428 <MFB>:
    1428:	0000                	unimp
	...

0000142c <MFC>:
    142c:	0000                	unimp
	...

00001430 <MFD>:
    1430:	0000                	unimp
	...

00001434 <MFE>:
    1434:	0000                	unimp
	...

00001438 <MFF>:
    1438:	0000                	unimp
	...

0000143c <N00>:
    143c:	0000                	unimp
	...

00001440 <N01>:
    1440:	0000                	unimp
	...

00001444 <N02>:
    1444:	0000                	unimp
	...

00001448 <N03>:
    1448:	0000                	unimp
	...

0000144c <N04>:
    144c:	0000                	unimp
	...

00001450 <N05>:
    1450:	0000                	unimp
	...

00001454 <N06>:
    1454:	0000                	unimp
	...

00001458 <N07>:
    1458:	0000                	unimp
	...

0000145c <N08>:
    145c:	0000                	unimp
	...

00001460 <N09>:
    1460:	0000                	unimp
	...

00001464 <N0A>:
    1464:	0000                	unimp
	...

00001468 <N0B>:
    1468:	0000                	unimp
	...

0000146c <N0C>:
    146c:	0000                	unimp
	...

00001470 <N0D>:
    1470:	0000                	unimp
	...

00001474 <N0E>:
    1474:	0000                	unimp
	...

00001478 <N0F>:
    1478:	0000                	unimp
	...

0000147c <N10>:
    147c:	0000                	unimp
	...

00001480 <N11>:
    1480:	0000                	unimp
	...

00001484 <N12>:
    1484:	0000                	unimp
	...

00001488 <N13>:
    1488:	0000                	unimp
	...

0000148c <N14>:
    148c:	0000                	unimp
	...

00001490 <N15>:
    1490:	0000                	unimp
	...

00001494 <N16>:
    1494:	0000                	unimp
	...

00001498 <N17>:
    1498:	0000                	unimp
	...

0000149c <N18>:
    149c:	0000                	unimp
	...

000014a0 <N19>:
    14a0:	0000                	unimp
	...

000014a4 <N1A>:
    14a4:	0000                	unimp
	...

000014a8 <N1B>:
    14a8:	0000                	unimp
	...

000014ac <N1C>:
    14ac:	0000                	unimp
	...

000014b0 <N1D>:
    14b0:	0000                	unimp
	...

000014b4 <N1E>:
    14b4:	0000                	unimp
	...

000014b8 <N1F>:
    14b8:	0000                	unimp
	...

000014bc <N20>:
    14bc:	0000                	unimp
	...

000014c0 <N21>:
    14c0:	0000                	unimp
	...

000014c4 <N22>:
    14c4:	0000                	unimp
	...

000014c8 <N23>:
    14c8:	0000                	unimp
	...

000014cc <N24>:
    14cc:	0000                	unimp
	...

000014d0 <N25>:
    14d0:	0000                	unimp
	...

000014d4 <N26>:
    14d4:	0000                	unimp
	...

000014d8 <N27>:
    14d8:	0000                	unimp
	...

000014dc <N28>:
    14dc:	0000                	unimp
	...

000014e0 <N29>:
    14e0:	0000                	unimp
	...

000014e4 <N2A>:
    14e4:	0000                	unimp
	...

000014e8 <N2B>:
    14e8:	0000                	unimp
	...

000014ec <N2C>:
    14ec:	0000                	unimp
	...

000014f0 <N2D>:
    14f0:	0000                	unimp
	...

000014f4 <N2E>:
    14f4:	0000                	unimp
	...

000014f8 <N2F>:
    14f8:	0000                	unimp
	...

000014fc <N30>:
    14fc:	0000                	unimp
	...

00001500 <N31>:
    1500:	0000                	unimp
	...

00001504 <N32>:
    1504:	0000                	unimp
	...

00001508 <N33>:
    1508:	0000                	unimp
	...

0000150c <N34>:
    150c:	0000                	unimp
	...

00001510 <N35>:
    1510:	0000                	unimp
	...

00001514 <N36>:
    1514:	0000                	unimp
	...

00001518 <N37>:
    1518:	0000                	unimp
	...

0000151c <N38>:
    151c:	0000                	unimp
	...

00001520 <N39>:
    1520:	0000                	unimp
	...

00001524 <N3A>:
    1524:	0000                	unimp
	...

00001528 <N3B>:
    1528:	0000                	unimp
	...

0000152c <N3C>:
    152c:	0000                	unimp
	...

00001530 <N3D>:
    1530:	0000                	unimp
	...

00001534 <N3E>:
    1534:	0000                	unimp
	...

00001538 <N3F>:
    1538:	0000                	unimp
	...

0000153c <N40>:
    153c:	0000                	unimp
	...

00001540 <N41>:
    1540:	0000                	unimp
	...

00001544 <N42>:
    1544:	0000                	unimp
	...

00001548 <N43>:
    1548:	0000                	unimp
	...

0000154c <N44>:
    154c:	0000                	unimp
	...

00001550 <N45>:
    1550:	0000                	unimp
	...

00001554 <N46>:
    1554:	0000                	unimp
	...

00001558 <N47>:
    1558:	0000                	unimp
	...

0000155c <N48>:
    155c:	0000                	unimp
	...

00001560 <N49>:
    1560:	0000                	unimp
	...

00001564 <N4A>:
    1564:	0000                	unimp
	...

00001568 <N4B>:
    1568:	0000                	unimp
	...

0000156c <N4C>:
    156c:	0000                	unimp
	...

00001570 <N4D>:
    1570:	0000                	unimp
	...

00001574 <N4E>:
    1574:	0000                	unimp
	...

00001578 <N4F>:
    1578:	0000                	unimp
	...

0000157c <N50>:
    157c:	0000                	unimp
	...

00001580 <N51>:
    1580:	0000                	unimp
	...

00001584 <N52>:
    1584:	0000                	unimp
	...

00001588 <N53>:
    1588:	0000                	unimp
	...

0000158c <N54>:
    158c:	0000                	unimp
	...

00001590 <N55>:
    1590:	0000                	unimp
	...

00001594 <N56>:
    1594:	0000                	unimp
	...

00001598 <N57>:
    1598:	0000                	unimp
	...

0000159c <N58>:
    159c:	0000                	unimp
	...

000015a0 <N59>:
    15a0:	0000                	unimp
	...

000015a4 <N5A>:
    15a4:	0000                	unimp
	...

000015a8 <N5B>:
    15a8:	0000                	unimp
	...

000015ac <N5C>:
    15ac:	0000                	unimp
	...

000015b0 <N5D>:
    15b0:	0000                	unimp
	...

000015b4 <N5E>:
    15b4:	0000                	unimp
	...

000015b8 <N5F>:
    15b8:	0000                	unimp
	...

000015bc <N60>:
    15bc:	0000                	unimp
	...

000015c0 <N61>:
    15c0:	0000                	unimp
	...

000015c4 <N62>:
    15c4:	0000                	unimp
	...

000015c8 <N63>:
    15c8:	0000                	unimp
	...

000015cc <N64>:
    15cc:	0000                	unimp
	...

000015d0 <N65>:
    15d0:	0000                	unimp
	...

000015d4 <N66>:
    15d4:	0000                	unimp
	...

000015d8 <N67>:
    15d8:	0000                	unimp
	...

000015dc <N68>:
    15dc:	0000                	unimp
	...

000015e0 <N69>:
    15e0:	0000                	unimp
	...

000015e4 <N6A>:
    15e4:	0000                	unimp
	...

000015e8 <N6B>:
    15e8:	0000                	unimp
	...

000015ec <N6C>:
    15ec:	0000                	unimp
	...

000015f0 <N6D>:
    15f0:	0000                	unimp
	...

000015f4 <N6E>:
    15f4:	0000                	unimp
	...

000015f8 <N6F>:
    15f8:	0000                	unimp
	...

000015fc <N70>:
    15fc:	0000                	unimp
	...

00001600 <N71>:
    1600:	0000                	unimp
	...

00001604 <N72>:
    1604:	0000                	unimp
	...

00001608 <N73>:
    1608:	0000                	unimp
	...

0000160c <N74>:
    160c:	0000                	unimp
	...

00001610 <N75>:
    1610:	0000                	unimp
	...

00001614 <N76>:
    1614:	0000                	unimp
	...

00001618 <N77>:
    1618:	0000                	unimp
	...

0000161c <N78>:
    161c:	0000                	unimp
	...

00001620 <N79>:
    1620:	0000                	unimp
	...

00001624 <N7A>:
    1624:	0000                	unimp
	...

00001628 <N7B>:
    1628:	0000                	unimp
	...

0000162c <N7C>:
    162c:	0000                	unimp
	...

00001630 <N7D>:
    1630:	0000                	unimp
	...

00001634 <N7E>:
    1634:	0000                	unimp
	...

00001638 <N7F>:
    1638:	0000                	unimp
	...

0000163c <N80>:
    163c:	0000                	unimp
	...

00001640 <N81>:
    1640:	0000                	unimp
	...

00001644 <N82>:
    1644:	0000                	unimp
	...

00001648 <N83>:
    1648:	0000                	unimp
	...

0000164c <N84>:
    164c:	0000                	unimp
	...

00001650 <N85>:
    1650:	0000                	unimp
	...

00001654 <N86>:
    1654:	0000                	unimp
	...

00001658 <N87>:
    1658:	0000                	unimp
	...

0000165c <N88>:
    165c:	0000                	unimp
	...

00001660 <N89>:
    1660:	0000                	unimp
	...

00001664 <N8A>:
    1664:	0000                	unimp
	...

00001668 <N8B>:
    1668:	0000                	unimp
	...

0000166c <N8C>:
    166c:	0000                	unimp
	...

00001670 <N8D>:
    1670:	0000                	unimp
	...

00001674 <N8E>:
    1674:	0000                	unimp
	...

00001678 <N8F>:
    1678:	0000                	unimp
	...

0000167c <N90>:
    167c:	0000                	unimp
	...

00001680 <N91>:
    1680:	0000                	unimp
	...

00001684 <N92>:
    1684:	0000                	unimp
	...

00001688 <N93>:
    1688:	0000                	unimp
	...

0000168c <N94>:
    168c:	0000                	unimp
	...

00001690 <N95>:
    1690:	0000                	unimp
	...

00001694 <N96>:
    1694:	0000                	unimp
	...

00001698 <N97>:
    1698:	0000                	unimp
	...

0000169c <N98>:
    169c:	0000                	unimp
	...

000016a0 <N99>:
    16a0:	0000                	unimp
	...

000016a4 <N9A>:
    16a4:	0000                	unimp
	...

000016a8 <N9B>:
    16a8:	0000                	unimp
	...

000016ac <N9C>:
    16ac:	0000                	unimp
	...

000016b0 <N9D>:
    16b0:	0000                	unimp
	...

000016b4 <N9E>:
    16b4:	0000                	unimp
	...

000016b8 <N9F>:
    16b8:	0000                	unimp
	...

000016bc <NA0>:
    16bc:	0000                	unimp
	...

000016c0 <NA1>:
    16c0:	0000                	unimp
	...

000016c4 <NA2>:
    16c4:	0000                	unimp
	...

000016c8 <NA3>:
    16c8:	0000                	unimp
	...

000016cc <NA4>:
    16cc:	0000                	unimp
	...

000016d0 <NA5>:
    16d0:	0000                	unimp
	...

000016d4 <NA6>:
    16d4:	0000                	unimp
	...

000016d8 <NA7>:
    16d8:	0000                	unimp
	...

000016dc <NA8>:
    16dc:	0000                	unimp
	...

000016e0 <NA9>:
    16e0:	0000                	unimp
	...

000016e4 <NAA>:
    16e4:	0000                	unimp
	...

000016e8 <NAB>:
    16e8:	0000                	unimp
	...

000016ec <NAC>:
    16ec:	0000                	unimp
	...

000016f0 <NAD>:
    16f0:	0000                	unimp
	...

000016f4 <NAE>:
    16f4:	0000                	unimp
	...

000016f8 <NAF>:
    16f8:	0000                	unimp
	...

000016fc <NB0>:
    16fc:	0000                	unimp
	...

00001700 <NB1>:
    1700:	0000                	unimp
	...

00001704 <NB2>:
    1704:	0000                	unimp
	...

00001708 <NB3>:
    1708:	0000                	unimp
	...

0000170c <NB4>:
    170c:	0000                	unimp
	...

00001710 <NB5>:
    1710:	0000                	unimp
	...

00001714 <NB6>:
    1714:	0000                	unimp
	...

00001718 <NB7>:
    1718:	0000                	unimp
	...

0000171c <NB8>:
    171c:	0000                	unimp
	...

00001720 <NB9>:
    1720:	0000                	unimp
	...

00001724 <NBA>:
    1724:	0000                	unimp
	...

00001728 <NBB>:
    1728:	0000                	unimp
	...

0000172c <NBC>:
    172c:	0000                	unimp
	...

00001730 <NBD>:
    1730:	0000                	unimp
	...

00001734 <NBE>:
    1734:	0000                	unimp
	...

00001738 <NBF>:
    1738:	0000                	unimp
	...

0000173c <NC0>:
    173c:	0000                	unimp
	...

00001740 <NC1>:
    1740:	0000                	unimp
	...

00001744 <NC2>:
    1744:	0000                	unimp
	...

00001748 <NC3>:
    1748:	0000                	unimp
	...

0000174c <NC4>:
    174c:	0000                	unimp
	...

00001750 <NC5>:
    1750:	0000                	unimp
	...

00001754 <NC6>:
    1754:	0000                	unimp
	...

00001758 <NC7>:
    1758:	0000                	unimp
	...

0000175c <NC8>:
    175c:	0000                	unimp
	...

00001760 <NC9>:
    1760:	0000                	unimp
	...

00001764 <NCA>:
    1764:	0000                	unimp
	...

00001768 <NCB>:
    1768:	0000                	unimp
	...

0000176c <NCC>:
    176c:	0000                	unimp
	...

00001770 <NCD>:
    1770:	0000                	unimp
	...

00001774 <NCE>:
    1774:	0000                	unimp
	...

00001778 <NCF>:
    1778:	0000                	unimp
	...

0000177c <ND0>:
    177c:	0000                	unimp
	...

00001780 <ND1>:
    1780:	0000                	unimp
	...

00001784 <ND2>:
    1784:	0000                	unimp
	...

00001788 <ND3>:
    1788:	0000                	unimp
	...

0000178c <ND4>:
    178c:	0000                	unimp
	...

00001790 <ND5>:
    1790:	0000                	unimp
	...

00001794 <ND6>:
    1794:	0000                	unimp
	...

00001798 <ND7>:
    1798:	0000                	unimp
	...

0000179c <ND8>:
    179c:	0000                	unimp
	...

000017a0 <ND9>:
    17a0:	0000                	unimp
	...

000017a4 <NDA>:
    17a4:	0000                	unimp
	...

000017a8 <NDB>:
    17a8:	0000                	unimp
	...

000017ac <NDC>:
    17ac:	0000                	unimp
	...

000017b0 <NDD>:
    17b0:	0000                	unimp
	...

000017b4 <NDE>:
    17b4:	0000                	unimp
	...

000017b8 <NDF>:
    17b8:	0000                	unimp
	...

000017bc <NE0>:
    17bc:	0000                	unimp
	...

000017c0 <NE1>:
    17c0:	0000                	unimp
	...

000017c4 <NE2>:
    17c4:	0000                	unimp
	...

000017c8 <NE3>:
    17c8:	0000                	unimp
	...

000017cc <NE4>:
    17cc:	0000                	unimp
	...

000017d0 <NE5>:
    17d0:	0000                	unimp
	...

000017d4 <NE6>:
    17d4:	0000                	unimp
	...

000017d8 <NE7>:
    17d8:	0000                	unimp
	...

000017dc <NE8>:
    17dc:	0000                	unimp
	...

000017e0 <NE9>:
    17e0:	0000                	unimp
	...

000017e4 <NEA>:
    17e4:	0000                	unimp
	...

000017e8 <NEB>:
    17e8:	0000                	unimp
	...

000017ec <NEC>:
    17ec:	0000                	unimp
	...

000017f0 <NED>:
    17f0:	0000                	unimp
	...

000017f4 <NEE>:
    17f4:	0000                	unimp
	...

000017f8 <NEF>:
    17f8:	0000                	unimp
	...

000017fc <NF0>:
    17fc:	0000                	unimp
	...

00001800 <NF1>:
    1800:	0000                	unimp
	...

00001804 <NF2>:
    1804:	0000                	unimp
	...

00001808 <NF3>:
    1808:	0000                	unimp
	...

0000180c <NF4>:
    180c:	0000                	unimp
	...

00001810 <NF5>:
    1810:	0000                	unimp
	...

00001814 <NF6>:
    1814:	0000                	unimp
	...

00001818 <NF7>:
    1818:	0000                	unimp
	...

0000181c <NF8>:
    181c:	0000                	unimp
	...

00001820 <NF9>:
    1820:	0000                	unimp
	...

00001824 <NFA>:
    1824:	0000                	unimp
	...

00001828 <NFB>:
    1828:	0000                	unimp
	...

0000182c <NFC>:
    182c:	0000                	unimp
	...

00001830 <NFD>:
    1830:	0000                	unimp
	...

00001834 <NFE>:
    1834:	0000                	unimp
	...

00001838 <NFF>:
    1838:	0000                	unimp
	...

0000183c <O00>:
    183c:	0000                	unimp
	...

00001840 <O01>:
    1840:	0000                	unimp
	...

00001844 <O02>:
    1844:	0000                	unimp
	...

00001848 <O03>:
    1848:	0000                	unimp
	...

0000184c <O04>:
    184c:	0000                	unimp
	...

00001850 <O05>:
    1850:	0000                	unimp
	...

00001854 <O06>:
    1854:	0000                	unimp
	...

00001858 <O07>:
    1858:	0000                	unimp
	...

0000185c <O08>:
    185c:	0000                	unimp
	...

00001860 <O09>:
    1860:	0000                	unimp
	...

00001864 <O0A>:
    1864:	0000                	unimp
	...

00001868 <O0B>:
    1868:	0000                	unimp
	...

0000186c <O0C>:
    186c:	0000                	unimp
	...

00001870 <O0D>:
    1870:	0000                	unimp
	...

00001874 <O0E>:
    1874:	0000                	unimp
	...

00001878 <O0F>:
    1878:	0000                	unimp
	...

0000187c <O10>:
    187c:	0000                	unimp
	...

00001880 <O11>:
    1880:	0000                	unimp
	...

00001884 <O12>:
    1884:	0000                	unimp
	...

00001888 <O13>:
    1888:	0000                	unimp
	...

0000188c <O14>:
    188c:	0000                	unimp
	...

00001890 <O15>:
    1890:	0000                	unimp
	...

00001894 <O16>:
    1894:	0000                	unimp
	...

00001898 <O17>:
    1898:	0000                	unimp
	...

0000189c <O18>:
    189c:	0000                	unimp
	...

000018a0 <O19>:
    18a0:	0000                	unimp
	...

000018a4 <O1A>:
    18a4:	0000                	unimp
	...

000018a8 <O1B>:
    18a8:	0000                	unimp
	...

000018ac <O1C>:
    18ac:	0000                	unimp
	...

000018b0 <O1D>:
    18b0:	0000                	unimp
	...

000018b4 <O1E>:
    18b4:	0000                	unimp
	...

000018b8 <O1F>:
    18b8:	0000                	unimp
	...

000018bc <O20>:
    18bc:	0000                	unimp
	...

000018c0 <O21>:
    18c0:	0000                	unimp
	...

000018c4 <O22>:
    18c4:	0000                	unimp
	...

000018c8 <O23>:
    18c8:	0000                	unimp
	...

000018cc <O24>:
    18cc:	0000                	unimp
	...

000018d0 <O25>:
    18d0:	0000                	unimp
	...

000018d4 <O26>:
    18d4:	0000                	unimp
	...

000018d8 <O27>:
    18d8:	0000                	unimp
	...

000018dc <O28>:
    18dc:	0000                	unimp
	...

000018e0 <O29>:
    18e0:	0000                	unimp
	...

000018e4 <O2A>:
    18e4:	0000                	unimp
	...

000018e8 <O2B>:
    18e8:	0000                	unimp
	...

000018ec <O2C>:
    18ec:	0000                	unimp
	...

000018f0 <O2D>:
    18f0:	0000                	unimp
	...

000018f4 <O2E>:
    18f4:	0000                	unimp
	...

000018f8 <O2F>:
    18f8:	0000                	unimp
	...

000018fc <O30>:
    18fc:	0000                	unimp
	...

00001900 <O31>:
    1900:	0000                	unimp
	...

00001904 <O32>:
    1904:	0000                	unimp
	...

00001908 <O33>:
    1908:	0000                	unimp
	...

0000190c <O34>:
    190c:	0000                	unimp
	...

00001910 <O35>:
    1910:	0000                	unimp
	...

00001914 <O36>:
    1914:	0000                	unimp
	...

00001918 <O37>:
    1918:	0000                	unimp
	...

0000191c <O38>:
    191c:	0000                	unimp
	...

00001920 <O39>:
    1920:	0000                	unimp
	...

00001924 <O3A>:
    1924:	0000                	unimp
	...

00001928 <O3B>:
    1928:	0000                	unimp
	...

0000192c <O3C>:
    192c:	0000                	unimp
	...

00001930 <O3D>:
    1930:	0000                	unimp
	...

00001934 <O3E>:
    1934:	0000                	unimp
	...

00001938 <O3F>:
    1938:	0000                	unimp
	...

0000193c <O40>:
    193c:	0000                	unimp
	...

00001940 <O41>:
    1940:	0000                	unimp
	...

00001944 <O42>:
    1944:	0000                	unimp
	...

00001948 <O43>:
    1948:	0000                	unimp
	...

0000194c <O44>:
    194c:	0000                	unimp
	...

00001950 <O45>:
    1950:	0000                	unimp
	...

00001954 <O46>:
    1954:	0000                	unimp
	...

00001958 <O47>:
    1958:	0000                	unimp
	...

0000195c <O48>:
    195c:	0000                	unimp
	...

00001960 <O49>:
    1960:	0000                	unimp
	...

00001964 <O4A>:
    1964:	0000                	unimp
	...

00001968 <O4B>:
    1968:	0000                	unimp
	...

0000196c <O4C>:
    196c:	0000                	unimp
	...

00001970 <O4D>:
    1970:	0000                	unimp
	...

00001974 <O4E>:
    1974:	0000                	unimp
	...

00001978 <O4F>:
    1978:	0000                	unimp
	...

0000197c <O50>:
    197c:	0000                	unimp
	...

00001980 <O51>:
    1980:	0000                	unimp
	...

00001984 <O52>:
    1984:	0000                	unimp
	...

00001988 <O53>:
    1988:	0000                	unimp
	...

0000198c <O54>:
    198c:	0000                	unimp
	...

00001990 <O55>:
    1990:	0000                	unimp
	...

00001994 <O56>:
    1994:	0000                	unimp
	...

00001998 <O57>:
    1998:	0000                	unimp
	...

0000199c <O58>:
    199c:	0000                	unimp
	...

000019a0 <O59>:
    19a0:	0000                	unimp
	...

000019a4 <O5A>:
    19a4:	0000                	unimp
	...

000019a8 <O5B>:
    19a8:	0000                	unimp
	...

000019ac <O5C>:
    19ac:	0000                	unimp
	...

000019b0 <O5D>:
    19b0:	0000                	unimp
	...

000019b4 <O5E>:
    19b4:	0000                	unimp
	...

000019b8 <O5F>:
    19b8:	0000                	unimp
	...

000019bc <O60>:
    19bc:	0000                	unimp
	...

000019c0 <O61>:
    19c0:	0000                	unimp
	...

000019c4 <O62>:
    19c4:	0000                	unimp
	...

000019c8 <O63>:
    19c8:	0000                	unimp
	...

000019cc <O64>:
    19cc:	0000                	unimp
	...

000019d0 <O65>:
    19d0:	0000                	unimp
	...

000019d4 <O66>:
    19d4:	0000                	unimp
	...

000019d8 <O67>:
    19d8:	0000                	unimp
	...

000019dc <O68>:
    19dc:	0000                	unimp
	...

000019e0 <O69>:
    19e0:	0000                	unimp
	...

000019e4 <O6A>:
    19e4:	0000                	unimp
	...

000019e8 <O6B>:
    19e8:	0000                	unimp
	...

000019ec <O6C>:
    19ec:	0000                	unimp
	...

000019f0 <O6D>:
    19f0:	0000                	unimp
	...

000019f4 <O6E>:
    19f4:	0000                	unimp
	...

000019f8 <O6F>:
    19f8:	0000                	unimp
	...

000019fc <O70>:
    19fc:	0000                	unimp
	...

00001a00 <O71>:
    1a00:	0000                	unimp
	...

00001a04 <O72>:
    1a04:	0000                	unimp
	...

00001a08 <O73>:
    1a08:	0000                	unimp
	...

00001a0c <O74>:
    1a0c:	0000                	unimp
	...

00001a10 <O75>:
    1a10:	0000                	unimp
	...

00001a14 <O76>:
    1a14:	0000                	unimp
	...

00001a18 <O77>:
    1a18:	0000                	unimp
	...

00001a1c <O78>:
    1a1c:	0000                	unimp
	...

00001a20 <O79>:
    1a20:	0000                	unimp
	...

00001a24 <O7A>:
    1a24:	0000                	unimp
	...

00001a28 <O7B>:
    1a28:	0000                	unimp
	...

00001a2c <O7C>:
    1a2c:	0000                	unimp
	...

00001a30 <O7D>:
    1a30:	0000                	unimp
	...

00001a34 <O7E>:
    1a34:	0000                	unimp
	...

00001a38 <O7F>:
    1a38:	0000                	unimp
	...

00001a3c <O80>:
    1a3c:	0000                	unimp
	...

00001a40 <O81>:
    1a40:	0000                	unimp
	...

00001a44 <O82>:
    1a44:	0000                	unimp
	...

00001a48 <O83>:
    1a48:	0000                	unimp
	...

00001a4c <O84>:
    1a4c:	0000                	unimp
	...

00001a50 <O85>:
    1a50:	0000                	unimp
	...

00001a54 <O86>:
    1a54:	0000                	unimp
	...

00001a58 <O87>:
    1a58:	0000                	unimp
	...

00001a5c <O88>:
    1a5c:	0000                	unimp
	...

00001a60 <O89>:
    1a60:	0000                	unimp
	...

00001a64 <O8A>:
    1a64:	0000                	unimp
	...

00001a68 <O8B>:
    1a68:	0000                	unimp
	...

00001a6c <O8C>:
    1a6c:	0000                	unimp
	...

00001a70 <O8D>:
    1a70:	0000                	unimp
	...

00001a74 <O8E>:
    1a74:	0000                	unimp
	...

00001a78 <O8F>:
    1a78:	0000                	unimp
	...

00001a7c <O90>:
    1a7c:	0000                	unimp
	...

00001a80 <O91>:
    1a80:	0000                	unimp
	...

00001a84 <O92>:
    1a84:	0000                	unimp
	...

00001a88 <O93>:
    1a88:	0000                	unimp
	...

00001a8c <O94>:
    1a8c:	0000                	unimp
	...

00001a90 <O95>:
    1a90:	0000                	unimp
	...

00001a94 <O96>:
    1a94:	0000                	unimp
	...

00001a98 <O97>:
    1a98:	0000                	unimp
	...

00001a9c <O98>:
    1a9c:	0000                	unimp
	...

00001aa0 <O99>:
    1aa0:	0000                	unimp
	...

00001aa4 <O9A>:
    1aa4:	0000                	unimp
	...

00001aa8 <O9B>:
    1aa8:	0000                	unimp
	...

00001aac <O9C>:
    1aac:	0000                	unimp
	...

00001ab0 <O9D>:
    1ab0:	0000                	unimp
	...

00001ab4 <O9E>:
    1ab4:	0000                	unimp
	...

00001ab8 <O9F>:
    1ab8:	0000                	unimp
	...

00001abc <OA0>:
    1abc:	0000                	unimp
	...

00001ac0 <OA1>:
    1ac0:	0000                	unimp
	...

00001ac4 <OA2>:
    1ac4:	0000                	unimp
	...

00001ac8 <OA3>:
    1ac8:	0000                	unimp
	...

00001acc <OA4>:
    1acc:	0000                	unimp
	...

00001ad0 <OA5>:
    1ad0:	0000                	unimp
	...

00001ad4 <OA6>:
    1ad4:	0000                	unimp
	...

00001ad8 <OA7>:
    1ad8:	0000                	unimp
	...

00001adc <OA8>:
    1adc:	0000                	unimp
	...

00001ae0 <OA9>:
    1ae0:	0000                	unimp
	...

00001ae4 <OAA>:
    1ae4:	0000                	unimp
	...

00001ae8 <OAB>:
    1ae8:	0000                	unimp
	...

00001aec <OAC>:
    1aec:	0000                	unimp
	...

00001af0 <OAD>:
    1af0:	0000                	unimp
	...

00001af4 <OAE>:
    1af4:	0000                	unimp
	...

00001af8 <OAF>:
    1af8:	0000                	unimp
	...

00001afc <OB0>:
    1afc:	0000                	unimp
	...

00001b00 <OB1>:
    1b00:	0000                	unimp
	...

00001b04 <OB2>:
    1b04:	0000                	unimp
	...

00001b08 <OB3>:
    1b08:	0000                	unimp
	...

00001b0c <OB4>:
    1b0c:	0000                	unimp
	...

00001b10 <OB5>:
    1b10:	0000                	unimp
	...

00001b14 <OB6>:
    1b14:	0000                	unimp
	...

00001b18 <OB7>:
    1b18:	0000                	unimp
	...

00001b1c <OB8>:
    1b1c:	0000                	unimp
	...

00001b20 <OB9>:
    1b20:	0000                	unimp
	...

00001b24 <OBA>:
    1b24:	0000                	unimp
	...

00001b28 <OBB>:
    1b28:	0000                	unimp
	...

00001b2c <OBC>:
    1b2c:	0000                	unimp
	...

00001b30 <OBD>:
    1b30:	0000                	unimp
	...

00001b34 <OBE>:
    1b34:	0000                	unimp
	...

00001b38 <OBF>:
    1b38:	0000                	unimp
	...

00001b3c <OC0>:
    1b3c:	0000                	unimp
	...

00001b40 <OC1>:
    1b40:	0000                	unimp
	...

00001b44 <OC2>:
    1b44:	0000                	unimp
	...

00001b48 <OC3>:
    1b48:	0000                	unimp
	...

00001b4c <OC4>:
    1b4c:	0000                	unimp
	...

00001b50 <OC5>:
    1b50:	0000                	unimp
	...

00001b54 <OC6>:
    1b54:	0000                	unimp
	...

00001b58 <OC7>:
    1b58:	0000                	unimp
	...

00001b5c <OC8>:
    1b5c:	0000                	unimp
	...

00001b60 <OC9>:
    1b60:	0000                	unimp
	...

00001b64 <OCA>:
    1b64:	0000                	unimp
	...

00001b68 <OCB>:
    1b68:	0000                	unimp
	...

00001b6c <OCC>:
    1b6c:	0000                	unimp
	...

00001b70 <OCD>:
    1b70:	0000                	unimp
	...

00001b74 <OCE>:
    1b74:	0000                	unimp
	...

00001b78 <OCF>:
    1b78:	0000                	unimp
	...

00001b7c <OD0>:
    1b7c:	0000                	unimp
	...

00001b80 <OD1>:
    1b80:	0000                	unimp
	...

00001b84 <OD2>:
    1b84:	0000                	unimp
	...

00001b88 <OD3>:
    1b88:	0000                	unimp
	...

00001b8c <OD4>:
    1b8c:	0000                	unimp
	...

00001b90 <OD5>:
    1b90:	0000                	unimp
	...

00001b94 <OD6>:
    1b94:	0000                	unimp
	...

00001b98 <OD7>:
    1b98:	0000                	unimp
	...

00001b9c <OD8>:
    1b9c:	0000                	unimp
	...

00001ba0 <OD9>:
    1ba0:	0000                	unimp
	...

00001ba4 <ODA>:
    1ba4:	0000                	unimp
	...

00001ba8 <ODB>:
    1ba8:	0000                	unimp
	...

00001bac <ODC>:
    1bac:	0000                	unimp
	...

00001bb0 <ODD>:
    1bb0:	0000                	unimp
	...

00001bb4 <ODE>:
    1bb4:	0000                	unimp
	...

00001bb8 <ODF>:
    1bb8:	0000                	unimp
	...

00001bbc <OE0>:
    1bbc:	0000                	unimp
	...

00001bc0 <OE1>:
    1bc0:	0000                	unimp
	...

00001bc4 <OE2>:
    1bc4:	0000                	unimp
	...

00001bc8 <OE3>:
    1bc8:	0000                	unimp
	...

00001bcc <OE4>:
    1bcc:	0000                	unimp
	...

00001bd0 <OE5>:
    1bd0:	0000                	unimp
	...

00001bd4 <OE6>:
    1bd4:	0000                	unimp
	...

00001bd8 <OE7>:
    1bd8:	0000                	unimp
	...

00001bdc <OE8>:
    1bdc:	0000                	unimp
	...

00001be0 <OE9>:
    1be0:	0000                	unimp
	...

00001be4 <OEA>:
    1be4:	0000                	unimp
	...

00001be8 <OEB>:
    1be8:	0000                	unimp
	...

00001bec <OEC>:
    1bec:	0000                	unimp
	...

00001bf0 <OED>:
    1bf0:	0000                	unimp
	...

00001bf4 <OEE>:
    1bf4:	0000                	unimp
	...

00001bf8 <OEF>:
    1bf8:	0000                	unimp
	...

00001bfc <OF0>:
    1bfc:	0000                	unimp
	...

00001c00 <OF1>:
    1c00:	0000                	unimp
	...

00001c04 <OF2>:
    1c04:	0000                	unimp
	...

00001c08 <OF3>:
    1c08:	0000                	unimp
	...

00001c0c <OF4>:
    1c0c:	0000                	unimp
	...

00001c10 <OF5>:
    1c10:	0000                	unimp
	...

00001c14 <OF6>:
    1c14:	0000                	unimp
	...

00001c18 <OF7>:
    1c18:	0000                	unimp
	...

00001c1c <OF8>:
    1c1c:	0000                	unimp
	...

00001c20 <OF9>:
    1c20:	0000                	unimp
	...

00001c24 <OFA>:
    1c24:	0000                	unimp
	...

00001c28 <OFB>:
    1c28:	0000                	unimp
	...

00001c2c <OFC>:
    1c2c:	0000                	unimp
	...

00001c30 <OFD>:
    1c30:	0000                	unimp
	...

00001c34 <OFE>:
    1c34:	0000                	unimp
	...

00001c38 <OFF>:
    1c38:	0000                	unimp
	...
0000000 0417 0000 0413 6004 8093 00c0 0013 0000
0000010 0013 0000 0013 0000 8093 ffb0 0013 0000
0000020 0013 0000 0013 0000 8093 0000 0013 0000
0000030 0013 0000 0013 0000 0797 0000 a423 6017
0000040 7113 00f4 0013 0000 0013 0000 0013 0000
0000050 0797 0000 aa23 5e27 0013 0000 0013 0000
0000060 0013 0000 0197 0000 a183 5ac1 0013 0000
0000070 0013 0000 0013 0000 0217 0000 2203 59c2
0000080 0013 0000 0013 0000 0013 0000 0297 0000
0000090 a283 58c2 0013 0000 0013 0000 0013 0000
00000a0 0317 0000 2303 57c3 0013 0000 0013 0000
00000b0 0013 0000 81b3 0041 0013 0000 0013 0000
00000c0 0013 0000 81b3 0031 0013 0000 0013 0000
00000d0 0013 0000 0797 0000 aa23 5637 f233 0032
00000e0 0013 0000 0013 0000 0013 0000 0797 0000
00000f0 ac23 5447 c293 fff2 0013 0000 0013 0000
0000100 0013 0000 0797 0000 a623 5457 0317 0000
0000110 2303 5143 0013 0000 0013 0000 0013 0000
0000120 0397 0000 a383 5003 0013 0000 0013 0000
0000130 0013 0000 1313 0083 0013 0000 0013 0000
0000140 0013 0000 d393 0033 0013 0000 0013 0000
0000150 0013 0000 5313 4063 0013 0000 0013 0000
0000160 0013 0000 0797 0000 a423 4e67 0013 0000
0000170 0013 0000 0013 0000 0797 0000 aa23 4c77
0000180 0013 0000 0013 0000 0013 0000 0097 0000
0000190 a083 4740 0117 0000 2103 46c1 0197 0000
00001a0 a183 47c1 0217 0000 2203 4782 0297 0000
00001b0 a283 4742 0317 0000 2303 45c3 0397 0000
00001c0 a383 4583 0097 0000 a083 4600 0013 0000
00001d0 0013 0000 0013 0000 0117 0000 0113 0381
00001e0 0013 0000 0013 0000 0013 0000 0067 0001
00001f0 0013 0000 0013 0000 0013 0000 0097 0000
0000200 a083 42c0 0013 0000 0013 0000 0013 0000
0000210 0797 0000 ae23 4017 0013 0000 0013 0000
0000220 0013 0000 0117 0000 2103 3ec1 0013 0000
0000230 0013 0000 0013 0000 0797 0000 a423 4227
0000240 0197 0000 a183 3e01 0217 0000 2203 3cc2
0000250 0013 0000 0013 0000 0013 0000 0797 0000
0000260 a423 4037 0797 0000 a223 4047 0297 0000
0000270 a283 3c82 0013 0000 0013 0000 0013 0000
0000280 0797 0000 a623 3e57 0013 0000 0013 0000
0000290 0013 0000 0297 0000 a283 3cc2 0217 0000
00002a0 2203 3c82 0197 0000 a183 3c41 0117 0000
00002b0 2103 3c01 0797 0000 ac23 3a57 0797 0000
00002c0 a823 3a47 0797 0000 a423 3a37 0797 0000
00002d0 a023 3a27 0013 0000 0013 0000 0013 0000
00002e0 0133 0031 0013 0000 0013 0000 0013 0000
00002f0 01b3 0052 0013 0000 0013 0000 0013 0000
0000300 0133 0031 0013 0000 0013 0000 0013 0000
0000310 0193 0014 0013 0000 0013 0000 0013 0000
0000320 0817 0000 0813 2e48 00a3 0068 0217 0000
0000330 2203 2d82 0797 0000 8a23 2c77 0197 0000
0000340 a183 2cc1 0013 0000 0013 0000 0013 0000
0000350 0797 0000 a223 3037 0797 0000 ae23 2e47
0000360 81b3 0041 0217 0000 2203 29c2 03ef 3940
0000370 0797 0000 a423 3047 0297 0000 8293 39c2
0000380 0013 0000 0013 0000 0013 0000 83e7 0002
0000390 0797 0000 a423 2e57 0313 0014 0013 0000
00003a0 0013 0000 0013 0000 0897 0000 8893 2908
00003b0 8303 0018 0013 0000 0397 0000 8383 2803
00003c0 0013 0000 0797 0000 aa23 2867 0013 0000
00003d0 0797 0000 a423 2877 0013 0000 0013 0000
00003e0 0013 0000 0333 0073 03ef 3380 0797 0000
00003f0 a023 2267 0097 0000 a083 20c0 0117 0000
0000400 2103 2041 0197 0000 a183 1fc1 0217 0000
0000410 2203 2282 0297 0000 a283 2202 0317 0000
0000420 2303 2183 0097 0000 a083 2380 0013 0000
0000430 0013 0000 0013 0000 0797 0000 ac23 1e47
0000440 0013 0000 0013 0000 0013 0000 0117 0000
0000450 2103 1e41 0797 0000 aa23 1c17 0797 0000
0000460 a623 1c27 0013 0000 f193 0001 4c63 0030
0000470 ca63 0001 1863 0030 0863 0030 5463 0030
0000480 0263 0000 8193 0041 8193 0061 7213 0002
0000490 0463 0030 8193 0011 8193 0061 7213 0002
00004a0 1e63 0040 0013 0000 0013 0000 0013 0000
00004b0 0213 00a2 0013 0000 4663 0040 8193 0061
00004c0 0a63 0000 8193 0031 0013 0000 0013 0000
00004d0 0013 0000 81b3 0041 0013 0000 0013 0000
00004e0 0013 0000 0797 0000 a223 1437 0797 0000
00004f0 aa23 1617 0797 0000 a823 1627 0797 0000
0000500 a623 1637 0097 0000 8093 2500 8067 0000
0000510 0013 0000 0013 0000 0013 0000 0013 0000
*
0000600 0000 0000 700f 0000 bead bead 0820 0000
0000610 deeb deeb 1eaf 0000 d22d d22d 0042 0000
0000620 f0ed f0ed b006 b006 600f 0000 dddd dddd
0000630 0000 0000 600d 0000 d0ca d0ca f00b f00b
0000640 ffff ffff 1010 0000 1234 0000 8921 8921
0000650 9999 9999 cccc cccc 6969 0000 ba11 ba11
0000660 8888 8888 abcd abcd 0110 0000 abba abba
0000670 075c 0000 0730 0000 0000 0000 0854 0000
0000680 0013 0000 0013 0000 0013 0000 0013 0000
*
0000700 0013 0000 0013 0000 0013 0000 0213 00e2
0000710 8067 0003 0297 0000 a283 f082 8067 0003
0000720 0097 0000 a083 f140 0117 0000 2103 f0c1
0000730 0197 0000 a183 f041 0217 0000 2203 efc2
0000740 0297 0000 a283 ef42 0317 0000 2303 eec3
0000750 8067 0003 0417 0000 0413 2ac4 f093 0000
0000760 7113 0001 f193 0001 8193 00d1 0113 00b1
0000770 00b3 0031 8213 0030 1113 0031 c293 fff1
0000780 7193 00f1 0013 0000 0013 0000 82b3 0031
0000790 0093 0052 0093 00a2 0093 00e2 f113 fff0
00007a0 0797 0000 a023 2627 0797 0000 ac23 2457
00007b0 0517 0000 0513 2505 0513 0045 2023 0025
00007c0 0197 0000 a183 24c1 0197 0000 a183 2401
00007d0 0797 0000 ae23 2237 0197 0000 a183 2381
00007e0 8213 00b1 0197 0000 a183 2301 5213 0012
00007f0 8293 0071 0097 0000 a083 2440 8293 00c2
0000800 0093 00c2 8113 00c1 0797 0000 aa23 2017
0000810 0797 0000 a623 2027 0797 0000 a223 2037
0000820 0797 0000 ae23 1e47 0797 0000 aa23 1e57
0000830 8293 0000 8313 0001 0393 0002 f093 0000
0000840 f193 0001 7213 0002 8093 0080 8193 0021
0000850 0213 0022 4463 0040 8193 0011 8093 0090
0000860 ce63 0200 0213 0012 0117 0000 2103 df81
0000870 0317 0000 2303 df43 0397 0000 a383 df03
0000880 0417 0000 0413 1804 f193 0001 7213 0002
0000890 0013 0000 8193 0021 0213 0032 0097 0000
00008a0 a083 1840 c463 0000 8193 0011 0097 0000
00008b0 a083 1780 0463 0010 0213 0012 0097 0000
00008c0 a083 1640 5463 0010 8193 0011 0097 0000
00008d0 a083 16c0 5463 0010 0213 0012 7093 0004
00008e0 0097 0000 8093 1200 1463 0010 8193 0011
00008f0 0797 0000 ae23 1237 0797 0000 ac23 1247
0000900 f093 0000 f293 0002 8093 fff0 c663 0000
0000910 8293 0012 8093 ff90 82b3 0050 0013 0000
0000920 0013 0000 0013 0000 0797 0000 a623 1057
0000930 8413 0002 f293 0002 0097 0000 8093 0100
0000940 8067 0000 8293 0012 02b3 0054 0013 0000
0000950 0013 0000 0013 0000 0097 0000 a083 cb40
0000960 0417 0000 0413 0a04 0797 0000 ac23 0857
0000970 0863 1800 0013 0000 0013 0000 0013 0000
0000980 0013 0000 0013 0000 0013 0000 0013 0000
*
0000a00 0000 0000 0000 0000 abda abda 0000 0000
0000a10 9a4d 9a4d 3dac 0000 0b38 0000 fadd fadd
0000a20 fb03 fb03 0111 0000 0b20 0000 f00f f00f
0000a30 f00f f00f 0fee 0000 276c 0000 0c00 0000
0000a40 0013 0000 0013 0000 0013 0000 0013 0000
*
0000b00 f393 0003 7313 0003 f293 0002 7213 0002
0000b10 f193 0001 7113 0001 f093 0000 7413 0004
0000b20 0097 0000 8093 41c0 0117 0000 2103 4041
0000b30 0197 0000 a183 3f01 a023 0020 0113 ff91
0000b40 8093 0040 8193 fff1 48e3 fe30 0217 0000
0000b50 0213 3f02 0117 0000 2103 3cc1 0233 0041
0000b60 0197 0000 a183 3cc1 f093 0000 7113 0001
0000b70 03ef 2700 8333 0042 2023 0033 8193 ffe1
0000b80 03ef 1c40 8293 0000 d4e3 fe02 0217 0000
0000b90 0213 3b02 0117 0000 2103 38c1 0233 0041
0000ba0 0233 0041 0197 0000 a183 3881 f093 0000
0000bb0 7113 0001 03ef 22c0 8333 0042 2023 0033
0000bc0 8193 ffb1 03ef 1b00 8293 0000 d4e3 fe02
0000bd0 0197 0000 8193 36c1 0217 0000 2203 3482
0000be0 8233 0041 7313 0003 0097 0000 a083 3200
0000bf0 0117 0000 2103 31c1 03ef 1e80 83b3 0042
0000c00 a303 0003 03ef 1700 0797 0000 a023 3017
0000c10 0797 0000 ae23 2e27 0097 0000 a083 2e80
0000c20 0117 0000 2103 2e41 03ef 1b80 82b3 0032
0000c30 a383 0002 0333 0073 a023 0062 03ef 1080
0000c40 8393 0000 cc63 0003 0797 0000 ac23 2a17
0000c50 0797 0000 aa23 2a27 08e3 f800 f093 0000
0000c60 0797 0000 a023 2a17 0797 0000 a023 2a17
0000c70 0797 0000 aa23 2817 0797 0000 aa23 2817
0000c80 0197 0000 8193 2bc1 0217 0000 2203 2982
0000c90 0233 0042 8233 0041 7313 0003 0097 0000
0000ca0 a083 26c0 0117 0000 2103 2681 03ef 1340
0000cb0 83b3 0032 a303 0003 03ef 05c0 0797 0000
0000cc0 a623 2417 0797 0000 a423 2427 0097 0000
0000cd0 a083 2340 0117 0000 2103 2301 03ef 1040
0000ce0 82b3 0042 a383 0002 0333 0073 a023 0062
0000cf0 03ef 0840 8393 0000 cc63 0003 0797 0000
0000d00 a223 2017 0797 0000 a023 2027 08e3 f800
0000d10 0063 0e00 8293 ff10 0663 0050 8093 0010
0000d20 0063 0200 0293 ff11 0863 0050 0113 0011
0000d30 f093 0000 0663 0000 f093 0000 8093 fff0
0000d40 8067 0003 0293 ff11 0663 0050 0113 0011
0000d50 0063 0200 8293 ff10 0863 0050 8093 0010
0000d60 7113 0001 0663 0000 f093 0000 8093 fff0
0000d70 8067 0003 0797 0000 a223 1a37 8193 ff10
0000d80 0a63 0230 0193 0001 0063 0230 0197 0000
0000d90 a183 1a81 8193 ff10 0e63 0030 8093 0010
0000da0 0113 fff1 0863 0200 8113 0010 f093 0000
0000db0 0263 0200 0193 ff11 0a63 0030 0093 0011
0000dc0 7113 0001 0113 00f1 0663 0000 f093 0000
0000dd0 8093 fff0 0197 0000 a183 1441 8067 0003
0000de0 1293 0051 82b3 0050 9293 0022 8067 0003
0000df0 0097 0000 8093 14c0 0217 0000 2203 1282
0000e00 0233 0042 00b3 0012 f393 0003 7313 0003
0000e10 f293 0002 7213 0002 0117 0000 2103 1181
0000e20 a183 0000 8233 0041 8093 0040 0113 fff1
0000e30 58e3 fe01 1213 0022 0117 0000 2103 0f81
0000e40 a183 0000 82b3 0051 8093 0040 0113 fff1
0000e50 58e3 fe01 9293 0022 0117 0000 2103 0d81
0000e60 a183 0000 8333 0061 8093 0040 0113 fff1
0000e70 58e3 fe01 1313 0023 0117 0000 2103 0b81
0000e80 a183 0000 83b3 0071 8093 0040 0113 fff1
0000e90 58e3 fe01 f1b3 0071 c393 fff3 0063 0000
0000ea0 0000 0000 0000 0000 0000 0000 0000 0000
*
0000f20 0100 0000 f000 f000 0fff 0000 4a3f 0000
0000f30 003f 0000 fff1 ffff 00ff 0000 0000 0000
0000f40 0000 0000 0000 0000 0000 0000 0000 0000
*
0001b30 0000 0000 0000 0000 0000 0000          
0001b3c
Target file /home/sohilp2/ECE_Final_Proj/mp4/sim/memory.lst exists.
Overwrite? [y/N] 