Command: /home/sohilp2/ECE_Final_Proj/mp4/sim/./simv -l simulation.log
Chronologic VCS simulator copyright 1991-2020
Contains Synopsys proprietary information.
Compiler version R-2020.12-SP1-1_Full64; Runtime version R-2020.12-SP1-1_Full64;  Dec  9 19:41 2022
*Verdi* Loading libsscore_vcs202012.so
FSDB Dumper for VCS, Release Verdi_R-2020.12-SP1-1, Linux x86_64/64bit, 04/20/2021
(C) 1996 - 2021 by Synopsys, Inc.
*Verdi* FSDB WARNING: The FSDB file already exists. Overwriting the FSDB file may crash the programs that are using this file.
*Verdi* : Create FSDB file 'dump.fsdb'
*Verdi* : Begin traversing the scope (mp4_tb), layer (0).
*Verdi* : Enable +all dumping.
*Verdi* : End of traversing.
Compilation Successful
Reset Memory
$finish called from file "/home/sohilp2/ECE_Final_Proj/mp4/hvl/source_tb.sv", line 39.
$finish at simulation time            439874650
           V C S   S i m u l a t i o n   R e p o r t 
Time: 439874650 ps
CPU Time:      7.230 seconds;       Data structure size:   1.3Mb
Fri Dec  9 19:41:50 2022
