 
****************************************
Report : timing
        -path full
        -delay max
        -max_paths 1
Design : mp4
Version: R-2020.09-SP4
Date   : Thu Dec  8 13:26:30 2022
****************************************

 # A fanout number of 1000 was used for high fanout net computations.

Operating Conditions: typical   Library: NangateOpenCellLibrary
Wire Load Model Mode: top

  Startpoint: MEM_WB/reg_dest_out_reg[0]
              (rising edge-triggered flip-flop clocked by my_clk)
  Endpoint: EX_MEM/alu_val_out_reg[31]
            (rising edge-triggered flip-flop clocked by my_clk)
  Path Group: my_clk
  Path Type: max

  Des/Clust/Port     Wire Load Model       Library
  ------------------------------------------------
  mp4                5K_hvratio_1_1        NangateOpenCellLibrary

  Point                                                   Incr       Path
  --------------------------------------------------------------------------
  clock my_clk (rise edge)                                0.00       0.00
  clock network delay (ideal)                             0.00       0.00
  MEM_WB/reg_dest_out_reg[0]/CK (DFF_X1)                  0.00       0.00 r
  MEM_WB/reg_dest_out_reg[0]/Q (DFF_X1)                   0.10       0.10 f
  MEM_WB/reg_dest_out[0] (mem_wb)                         0.00       0.10 f
  FWD_UNIT/rd_id_MemWb[0] (forwardingunit)                0.00       0.10 f
  FWD_UNIT/U26/ZN (INV_X1)                                0.07       0.17 r
  FWD_UNIT/U27/ZN (OAI22_X1)                              0.04       0.21 f
  FWD_UNIT/U28/ZN (AOI221_X1)                             0.09       0.30 r
  FWD_UNIT/U29/ZN (OAI221_X1)                             0.05       0.35 f
  FWD_UNIT/U30/ZN (NOR4_X1)                               0.12       0.47 r
  FWD_UNIT/U55/ZN (NAND2_X1)                              0.05       0.52 f
  FWD_UNIT/U56/ZN (NAND2_X1)                              0.05       0.57 r
  FWD_UNIT/U57/ZN (AND2_X1)                               0.05       0.62 r
  FWD_UNIT/U59/ZN (OR2_X1)                                0.06       0.68 r
  FWD_UNIT/alumux2_sel[2] (forwardingunit)                0.00       0.68 r
  EXECUTE/forwarding_alumux2_sel[2] (execute)             0.00       0.68 r
  EXECUTE/U10/ZN (NOR3_X1)                                0.05       0.73 f
  EXECUTE/U11/Z (CLKBUF_X1)                               0.19       0.92 f
  EXECUTE/U69/ZN (AOI22_X1)                               0.11       1.03 r
  EXECUTE/U73/ZN (NAND4_X1)                               0.18       1.20 f
  EXECUTE/alu/b[2] (alu)                                  0.00       1.20 f
  EXECUTE/alu/U10/ZN (INV_X1)                             0.17       1.37 r
  EXECUTE/alu/U48/ZN (INV_X1)                             0.10       1.48 f
  EXECUTE/alu/U639/Z (XOR2_X1)                            0.11       1.58 f
  EXECUTE/alu/DP_OP_20J21_122_1583/U31/CO (FA_X1)         0.11       1.70 f
  EXECUTE/alu/DP_OP_20J21_122_1583/U30/CO (FA_X1)         0.09       1.79 f
  EXECUTE/alu/DP_OP_20J21_122_1583/U29/CO (FA_X1)         0.09       1.88 f
  EXECUTE/alu/DP_OP_20J21_122_1583/U28/CO (FA_X1)         0.09       1.97 f
  EXECUTE/alu/DP_OP_20J21_122_1583/U27/CO (FA_X1)         0.09       2.06 f
  EXECUTE/alu/DP_OP_20J21_122_1583/U26/CO (FA_X1)         0.09       2.15 f
  EXECUTE/alu/DP_OP_20J21_122_1583/U25/CO (FA_X1)         0.09       2.24 f
  EXECUTE/alu/DP_OP_20J21_122_1583/U24/CO (FA_X1)         0.09       2.33 f
  EXECUTE/alu/DP_OP_20J21_122_1583/U23/CO (FA_X1)         0.09       2.42 f
  EXECUTE/alu/DP_OP_20J21_122_1583/U22/CO (FA_X1)         0.09       2.51 f
  EXECUTE/alu/DP_OP_20J21_122_1583/U21/CO (FA_X1)         0.09       2.60 f
  EXECUTE/alu/DP_OP_20J21_122_1583/U20/CO (FA_X1)         0.09       2.69 f
  EXECUTE/alu/DP_OP_20J21_122_1583/U19/CO (FA_X1)         0.09       2.78 f
  EXECUTE/alu/DP_OP_20J21_122_1583/U18/CO (FA_X1)         0.09       2.87 f
  EXECUTE/alu/DP_OP_20J21_122_1583/U17/CO (FA_X1)         0.09       2.96 f
  EXECUTE/alu/DP_OP_20J21_122_1583/U16/CO (FA_X1)         0.09       3.05 f
  EXECUTE/alu/DP_OP_20J21_122_1583/U15/CO (FA_X1)         0.09       3.15 f
  EXECUTE/alu/DP_OP_20J21_122_1583/U14/CO (FA_X1)         0.09       3.24 f
  EXECUTE/alu/DP_OP_20J21_122_1583/U13/CO (FA_X1)         0.09       3.33 f
  EXECUTE/alu/DP_OP_20J21_122_1583/U12/CO (FA_X1)         0.09       3.42 f
  EXECUTE/alu/DP_OP_20J21_122_1583/U11/CO (FA_X1)         0.09       3.51 f
  EXECUTE/alu/DP_OP_20J21_122_1583/U10/CO (FA_X1)         0.09       3.60 f
  EXECUTE/alu/DP_OP_20J21_122_1583/U9/CO (FA_X1)          0.09       3.69 f
  EXECUTE/alu/DP_OP_20J21_122_1583/U8/CO (FA_X1)          0.09       3.78 f
  EXECUTE/alu/DP_OP_20J21_122_1583/U7/CO (FA_X1)          0.09       3.87 f
  EXECUTE/alu/DP_OP_20J21_122_1583/U6/CO (FA_X1)          0.09       3.96 f
  EXECUTE/alu/DP_OP_20J21_122_1583/U5/CO (FA_X1)          0.09       4.05 f
  EXECUTE/alu/DP_OP_20J21_122_1583/U4/CO (FA_X1)          0.09       4.14 f
  EXECUTE/alu/DP_OP_20J21_122_1583/U3/CO (FA_X1)          0.09       4.23 f
  EXECUTE/alu/U607/Z (XOR2_X1)                            0.07       4.30 f
  EXECUTE/alu/U608/ZN (AND2_X1)                           0.04       4.33 f
  EXECUTE/alu/U609/ZN (OR2_X1)                            0.05       4.39 f
  EXECUTE/alu/f[31] (alu)                                 0.00       4.39 f
  EXECUTE/alu_out[31] (execute)                           0.00       4.39 f
  EX_MEM/alu_val_in[31] (ex_mem)                          0.00       4.39 f
  EX_MEM/U41/ZN (AND2_X1)                                 0.04       4.43 f
  EX_MEM/alu_val_out_reg[31]/D (DFF_X1)                   0.01       4.44 f
  data arrival time                                                  4.44

  clock my_clk (rise edge)                               10.00      10.00
  clock network delay (ideal)                             0.00      10.00
  clock uncertainty                                      -0.10       9.90
  EX_MEM/alu_val_out_reg[31]/CK (DFF_X1)                  0.00       9.90 r
  library setup time                                     -0.04       9.86
  data required time                                                 9.86
  --------------------------------------------------------------------------
  data required time                                                 9.86
  data arrival time                                                 -4.44
  --------------------------------------------------------------------------
  slack (MET)                                                        5.42


1
