version: (200506)

available memory: 64M bytes
used memory: 311296 bytes [need 304K bytes if disable swap]

used block: 10 [memory(10) file(0)]
                 [ 8K(6) 64K(4) { total 304K bytes } ]
overhead: (9538) bytes for (10) blocks [Average: (953) bytes/block]

write  => 0(times) 0K(bytes) [0K bytes to file]
read   => 4(times) 50K(bytes) [10K bytes compressed data from file]
access => 527733(times) 4137M(bytes)
          [hit ratio: 99.9992%]

time: write(0) read(0)  unit: second

swap file directory: (/home/sohilp2/ECE_Final_Proj/mp4/verdi/verdiLog)
used swap file number: (5)



swap file manager:
arrSize: (256)
idxCnt: (6)
closeHead: (1)
closeTail: (5)
openCnt: (5)
fid(5): fd(1073741827) fileName(/home/sohilp2/ECE_Final_Proj/mp4/sim/simv.daidir/kdb.elab++/work.lib++/branch_predictor.sv.tdc)
	size(3020) lastModTime(1670621946) curModTime(1670621946)
	mode(rb)	hot(0) cool(4) pos(0)
fid(4): fd(1073741826) fileName(/home/sohilp2/ECE_Final_Proj/mp4/sim/simv.daidir/kdb.elab++/work.lib++/instr_fetch.sv.tdc)
	size(4725) lastModTime(1670621946) curModTime(1670621946)
	mode(rb)	hot(5) cool(3) pos(0)
fid(3): fd(1073741825) fileName(/home/sohilp2/ECE_Final_Proj/mp4/sim/simv.daidir/kdb.elab++/work.lib++/regfile.sv.tdc)
	size(2048) lastModTime(1670621946) curModTime(1670621946)
	mode(rb)	hot(4) cool(2) pos(0)
fid(2): fd(26) fileName(/home/sohilp2/ECE_Final_Proj/mp4/verdi/verdiLog/_swap_0001#380376806#2381269)
	size(0) lastModTime(0) curModTime(1670624556)
	mode(w+b)	hot(3) cool(1) pos(0)
fid(1): fd(1073741824) fileName(/home/sohilp2/ECE_Final_Proj/mp4/sim/simv.daidir/kdb.elab++/work.lib++/top.sv.tdc)
	size(8345) lastModTime(1670621946) curModTime(1670621946)
	mode(rb)	hot(2) cool(0) pos(0)
fid(0): fd(0) fileName(NULL)
	mode(NULL)	hot(0) cool(0) pos(0)
==================================================
mySelf(17dea800) pre(16a29960) next(0)
version(200506)
date(Mar 24 2021 03:58:02)
